2022-04-24 09:25:59 - Host: 178.154.206.90:80 - LOW_PRIORITY_ERROR - [ErrorException] E_WARNING
Use of undefined constant s2 - assumed 's2' (this will throw an Error in a future version of PHP) (0)
/home/bitrix/www/s2/products/.left.menu_ext.php:31
#0: include(string)
	/home/bitrix/www/bitrix/modules/main/classes/general/menu.php:115
#1: CMenu->Init(string, boolean, string, boolean)
	/home/bitrix/www/bitrix/components/bitrix/menu/class.php:110
#2: CBitrixMenuComponent->getChildMenuRecursive(array, array, string, boolean, string, integer, integer, boolean, boolean, boolean)
	/home/bitrix/www/bitrix/components/bitrix/menu/component.php:72
#3: include(string)
	/home/bitrix/www/bitrix/modules/main/classes/general/component.php:607
#4: CBitrixComponent->__includeComponent()
	/home/bitrix/www/bitrix/modules/main/classes/general/component.php:105
#5: CBitrixComponent->executeComponent()
	/home/bitrix/www/bitrix/modules/main/classes/general/component.php:660
#6: CBitrixComponent->includeComponent(string, array, boolean, boolean)
	/home/bitrix/www/bitrix/modules/main/classes/general/main.php:1072
#7: CAllMain->IncludeComponent(string, string, array, boolean)
	/home/bitrix/www/local/templates/exam1/header.php:97
#8: include_once(string)
	/home/bitrix/www/bitrix/modules/main/include/prolog_after.php:106
#9: require(string)
	/home/bitrix/www/bitrix/modules/main/include/prolog.php:11
#10: require_once(string)
	/home/bitrix/www/bitrix/header.php:1
#11: require(string)
	/home/bitrix/www/s2/rew/index.php:2
#12: include_once(string)
	/home/bitrix/www/bitrix/modules/main/include/urlrewrite.php:160
#13: include_once(string)
	/home/bitrix/www/bitrix/urlrewrite.php:2
----------

2022-04-24 09:26:02 - Host: 178.154.206.90:80 - LOW_PRIORITY_ERROR - [ErrorException] E_WARNING
Use of undefined constant s2 - assumed 's2' (this will throw an Error in a future version of PHP) (0)
/home/bitrix/www/s2/products/.left.menu_ext.php:31
#0: include(string)
	/home/bitrix/www/bitrix/modules/main/classes/general/menu.php:115
#1: CMenu->Init(string, boolean, string, boolean)
	/home/bitrix/www/bitrix/components/bitrix/menu/class.php:110
#2: CBitrixMenuComponent->getChildMenuRecursive(array, array, string, boolean, string, integer, integer, boolean, boolean, boolean)
	/home/bitrix/www/bitrix/components/bitrix/menu/component.php:72
#3: include(string)
	/home/bitrix/www/bitrix/modules/main/classes/general/component.php:607
#4: CBitrixComponent->__includeComponent()
	/home/bitrix/www/bitrix/modules/main/classes/general/component.php:105
#5: CBitrixComponent->executeComponent()
	/home/bitrix/www/bitrix/modules/main/classes/general/component.php:660
#6: CBitrixComponent->includeComponent(string, array, boolean, boolean)
	/home/bitrix/www/bitrix/modules/main/classes/general/main.php:1072
#7: CAllMain->IncludeComponent(string, string, array, boolean)
	/home/bitrix/www/local/templates/exam1/header.php:97
#8: include_once(string)
	/home/bitrix/www/bitrix/modules/main/include/prolog_after.php:106
#9: require(string)
	/home/bitrix/www/bitrix/modules/main/include/prolog.php:11
#10: require_once(string)
	/home/bitrix/www/bitrix/header.php:1
#11: require(string)
	/home/bitrix/www/s2/rew/index.php:2
#12: include_once(string)
	/home/bitrix/www/bitrix/modules/main/include/urlrewrite.php:160
#13: include_once(string)
	/home/bitrix/www/bitrix/urlrewrite.php:2
----------

2022-04-24 09:42:00 - Host: 178.154.206.90:80 - LOW_PRIORITY_ERROR - [ErrorException] E_WARNING
Use of undefined constant s2 - assumed 's2' (this will throw an Error in a future version of PHP) (0)
/home/bitrix/www/s2/products/.left.menu_ext.php:31
#0: include(string)
	/home/bitrix/www/bitrix/modules/main/classes/general/menu.php:115
#1: CMenu->Init(string, boolean, string, boolean)
	/home/bitrix/www/bitrix/components/bitrix/menu/class.php:110
#2: CBitrixMenuComponent->getChildMenuRecursive(array, array, string, boolean, string, integer, integer, boolean, boolean, boolean)
	/home/bitrix/www/bitrix/components/bitrix/menu/component.php:72
#3: include(string)
	/home/bitrix/www/bitrix/modules/main/classes/general/component.php:607
#4: CBitrixComponent->__includeComponent()
	/home/bitrix/www/bitrix/modules/main/classes/general/component.php:105
#5: CBitrixComponent->executeComponent()
	/home/bitrix/www/bitrix/modules/main/classes/general/component.php:660
#6: CBitrixComponent->includeComponent(string, array, boolean, boolean)
	/home/bitrix/www/bitrix/modules/main/classes/general/main.php:1072
#7: CAllMain->IncludeComponent(string, string, array, boolean)
	/home/bitrix/www/local/templates/exam1/header.php:97
#8: include_once(string)
	/home/bitrix/www/bitrix/modules/main/include/prolog_after.php:106
#9: require(string)
	/home/bitrix/www/bitrix/modules/main/include/prolog.php:11
#10: require_once(string)
	/home/bitrix/www/bitrix/header.php:1
#11: require(string)
	/home/bitrix/www/s2/ask/active_ask.php:2
----------

2022-04-24 09:42:41 - Host: 178.154.206.90:80 - LOW_PRIORITY_ERROR - [ErrorException] E_WARNING
Use of undefined constant s2 - assumed 's2' (this will throw an Error in a future version of PHP) (0)
/home/bitrix/www/s2/products/.left.menu_ext.php:31
#0: include(string)
	/home/bitrix/www/bitrix/modules/main/classes/general/menu.php:115
#1: CMenu->Init(string, boolean, string, boolean)
	/home/bitrix/www/bitrix/components/bitrix/menu/class.php:110
#2: CBitrixMenuComponent->getChildMenuRecursive(array, array, string, boolean, string, integer, integer, boolean, boolean, boolean)
	/home/bitrix/www/bitrix/components/bitrix/menu/component.php:72
#3: include(string)
	/home/bitrix/www/bitrix/modules/main/classes/general/component.php:607
#4: CBitrixComponent->__includeComponent()
	/home/bitrix/www/bitrix/modules/main/classes/general/component.php:105
#5: CBitrixComponent->executeComponent()
	/home/bitrix/www/bitrix/modules/main/classes/general/component.php:660
#6: CBitrixComponent->includeComponent(string, array, boolean, boolean)
	/home/bitrix/www/bitrix/modules/main/classes/general/main.php:1072
#7: CAllMain->IncludeComponent(string, string, array, boolean)
	/home/bitrix/www/local/templates/exam1/header.php:97
#8: include_once(string)
	/home/bitrix/www/bitrix/modules/main/include/prolog_after.php:106
#9: require(string)
	/home/bitrix/www/bitrix/modules/main/include/prolog.php:11
#10: require_once(string)
	/home/bitrix/www/bitrix/header.php:1
#11: require(string)
	/home/bitrix/www/s2/ask/active_ask.php:2
----------

2022-04-24 09:43:25 - Host: 178.154.206.90:80 - LOW_PRIORITY_ERROR - [ErrorException] E_WARNING
Use of undefined constant s2 - assumed 's2' (this will throw an Error in a future version of PHP) (0)
/home/bitrix/www/s2/products/.left.menu_ext.php:31
#0: include(string)
	/home/bitrix/www/bitrix/modules/main/classes/general/menu.php:115
#1: CMenu->Init(string, boolean, string, boolean)
	/home/bitrix/www/bitrix/components/bitrix/menu/class.php:110
#2: CBitrixMenuComponent->getChildMenuRecursive(array, array, string, boolean, string, integer, integer, boolean, boolean, boolean)
	/home/bitrix/www/bitrix/components/bitrix/menu/component.php:72
#3: include(string)
	/home/bitrix/www/bitrix/modules/main/classes/general/component.php:607
#4: CBitrixComponent->__includeComponent()
	/home/bitrix/www/bitrix/modules/main/classes/general/component.php:105
#5: CBitrixComponent->executeComponent()
	/home/bitrix/www/bitrix/modules/main/classes/general/component.php:660
#6: CBitrixComponent->includeComponent(string, array, boolean, boolean)
	/home/bitrix/www/bitrix/modules/main/classes/general/main.php:1072
#7: CAllMain->IncludeComponent(string, string, array, boolean)
	/home/bitrix/www/local/templates/exam1/header.php:97
#8: include_once(string)
	/home/bitrix/www/bitrix/modules/main/include/prolog_after.php:106
#9: require(string)
	/home/bitrix/www/bitrix/modules/main/include/prolog.php:11
#10: require_once(string)
	/home/bitrix/www/bitrix/header.php:1
#11: require(string)
	/home/bitrix/www/s2/ask/active_ask.php:2
----------

2022-04-24 09:43:38 - Host: 178.154.206.90:80 - LOW_PRIORITY_ERROR - [ErrorException] E_WARNING
Use of undefined constant s2 - assumed 's2' (this will throw an Error in a future version of PHP) (0)
/home/bitrix/www/s2/products/.left.menu_ext.php:31
#0: include(string)
	/home/bitrix/www/bitrix/modules/main/classes/general/menu.php:115
#1: CMenu->Init(string, boolean, string, boolean)
	/home/bitrix/www/bitrix/components/bitrix/menu/class.php:110
#2: CBitrixMenuComponent->getChildMenuRecursive(array, array, string, boolean, string, integer, integer, boolean, boolean, boolean)
	/home/bitrix/www/bitrix/components/bitrix/menu/component.php:72
#3: include(string)
	/home/bitrix/www/bitrix/modules/main/classes/general/component.php:607
#4: CBitrixComponent->__includeComponent()
	/home/bitrix/www/bitrix/modules/main/classes/general/component.php:105
#5: CBitrixComponent->executeComponent()
	/home/bitrix/www/bitrix/modules/main/classes/general/component.php:660
#6: CBitrixComponent->includeComponent(string, array, boolean, boolean)
	/home/bitrix/www/bitrix/modules/main/classes/general/main.php:1072
#7: CAllMain->IncludeComponent(string, string, array, boolean)
	/home/bitrix/www/local/templates/exam1/header.php:97
#8: include_once(string)
	/home/bitrix/www/bitrix/modules/main/include/prolog_after.php:106
#9: require(string)
	/home/bitrix/www/bitrix/modules/main/include/prolog.php:11
#10: require_once(string)
	/home/bitrix/www/bitrix/header.php:1
#11: require(string)
	/home/bitrix/www/s2/ask/active_ask.php:2
----------

2022-04-24 09:43:43 - Host: 178.154.206.90:80 - LOW_PRIORITY_ERROR - [ErrorException] E_WARNING
Use of undefined constant s2 - assumed 's2' (this will throw an Error in a future version of PHP) (0)
/home/bitrix/www/s2/products/.left.menu_ext.php:31
#0: include(string)
	/home/bitrix/www/bitrix/modules/main/classes/general/menu.php:115
#1: CMenu->Init(string, boolean, string, boolean)
	/home/bitrix/www/bitrix/components/bitrix/menu/class.php:110
#2: CBitrixMenuComponent->getChildMenuRecursive(array, array, string, boolean, string, integer, integer, boolean, boolean, boolean)
	/home/bitrix/www/bitrix/components/bitrix/menu/component.php:72
#3: include(string)
	/home/bitrix/www/bitrix/modules/main/classes/general/component.php:607
#4: CBitrixComponent->__includeComponent()
	/home/bitrix/www/bitrix/modules/main/classes/general/component.php:105
#5: CBitrixComponent->executeComponent()
	/home/bitrix/www/bitrix/modules/main/classes/general/component.php:660
#6: CBitrixComponent->includeComponent(string, array, boolean, boolean)
	/home/bitrix/www/bitrix/modules/main/classes/general/main.php:1072
#7: CAllMain->IncludeComponent(string, string, array, boolean)
	/home/bitrix/www/local/templates/exam1/header.php:97
#8: include_once(string)
	/home/bitrix/www/bitrix/modules/main/include/prolog_after.php:106
#9: require(string)
	/home/bitrix/www/bitrix/modules/main/include/prolog.php:11
#10: require_once(string)
	/home/bitrix/www/bitrix/header.php:1
#11: require(string)
	/home/bitrix/www/s2/ask/active_ask.php:2
----------

2022-04-24 09:43:54 - Host: 178.154.206.90:80 - LOW_PRIORITY_ERROR - [ErrorException] E_WARNING
Use of undefined constant s2 - assumed 's2' (this will throw an Error in a future version of PHP) (0)
/home/bitrix/www/s2/products/.left.menu_ext.php:31
#0: include(string)
	/home/bitrix/www/bitrix/modules/main/classes/general/menu.php:115
#1: CMenu->Init(string, boolean, string, boolean)
	/home/bitrix/www/bitrix/components/bitrix/menu/class.php:110
#2: CBitrixMenuComponent->getChildMenuRecursive(array, array, string, boolean, string, integer, integer, boolean, boolean, boolean)
	/home/bitrix/www/bitrix/components/bitrix/menu/component.php:72
#3: include(string)
	/home/bitrix/www/bitrix/modules/main/classes/general/component.php:607
#4: CBitrixComponent->__includeComponent()
	/home/bitrix/www/bitrix/modules/main/classes/general/component.php:105
#5: CBitrixComponent->executeComponent()
	/home/bitrix/www/bitrix/modules/main/classes/general/component.php:660
#6: CBitrixComponent->includeComponent(string, array, boolean, boolean)
	/home/bitrix/www/bitrix/modules/main/classes/general/main.php:1072
#7: CAllMain->IncludeComponent(string, string, array, boolean)
	/home/bitrix/www/local/templates/exam1/header.php:97
#8: include_once(string)
	/home/bitrix/www/bitrix/modules/main/include/prolog_after.php:106
#9: require(string)
	/home/bitrix/www/bitrix/modules/main/include/prolog.php:11
#10: require_once(string)
	/home/bitrix/www/bitrix/header.php:1
#11: require(string)
	/home/bitrix/www/s2/ask/active_ask.php:2
----------

2022-04-24 09:44:03 - Host: 178.154.206.90:80 - LOW_PRIORITY_ERROR - [ErrorException] E_WARNING
Use of undefined constant s2 - assumed 's2' (this will throw an Error in a future version of PHP) (0)
/home/bitrix/www/s2/products/.left.menu_ext.php:31
#0: include(string)
	/home/bitrix/www/bitrix/modules/main/classes/general/menu.php:115
#1: CMenu->Init(string, boolean, string, boolean)
	/home/bitrix/www/bitrix/components/bitrix/menu/class.php:110
#2: CBitrixMenuComponent->getChildMenuRecursive(array, array, string, boolean, string, integer, integer, boolean, boolean, boolean)
	/home/bitrix/www/bitrix/components/bitrix/menu/component.php:72
#3: include(string)
	/home/bitrix/www/bitrix/modules/main/classes/general/component.php:607
#4: CBitrixComponent->__includeComponent()
	/home/bitrix/www/bitrix/modules/main/classes/general/component.php:105
#5: CBitrixComponent->executeComponent()
	/home/bitrix/www/bitrix/modules/main/classes/general/component.php:660
#6: CBitrixComponent->includeComponent(string, array, boolean, boolean)
	/home/bitrix/www/bitrix/modules/main/classes/general/main.php:1072
#7: CAllMain->IncludeComponent(string, string, array, boolean)
	/home/bitrix/www/local/templates/exam1/header.php:97
#8: include_once(string)
	/home/bitrix/www/bitrix/modules/main/include/prolog_after.php:106
#9: require(string)
	/home/bitrix/www/bitrix/modules/main/include/prolog.php:11
#10: require_once(string)
	/home/bitrix/www/bitrix/header.php:1
#11: require(string)
	/home/bitrix/www/s2/ask/active_ask.php:2
----------

2022-04-24 09:46:17 - Host: 178.154.206.90:80 - LOW_PRIORITY_ERROR - [ErrorException] E_WARNING
Use of undefined constant s2 - assumed 's2' (this will throw an Error in a future version of PHP) (0)
/home/bitrix/www/s2/products/.left.menu_ext.php:31
#0: include(string)
	/home/bitrix/www/bitrix/modules/main/classes/general/menu.php:115
#1: CMenu->Init(string, boolean, string, boolean)
	/home/bitrix/www/bitrix/components/bitrix/menu/class.php:110
#2: CBitrixMenuComponent->getChildMenuRecursive(array, array, string, boolean, string, integer, integer, boolean, boolean, boolean)
	/home/bitrix/www/bitrix/components/bitrix/menu/component.php:72
#3: include(string)
	/home/bitrix/www/bitrix/modules/main/classes/general/component.php:607
#4: CBitrixComponent->__includeComponent()
	/home/bitrix/www/bitrix/modules/main/classes/general/component.php:105
#5: CBitrixComponent->executeComponent()
	/home/bitrix/www/bitrix/modules/main/classes/general/component.php:660
#6: CBitrixComponent->includeComponent(string, array, boolean, boolean)
	/home/bitrix/www/bitrix/modules/main/classes/general/main.php:1072
#7: CAllMain->IncludeComponent(string, string, array, boolean)
	/home/bitrix/www/local/templates/exam1/header.php:97
#8: include_once(string)
	/home/bitrix/www/bitrix/modules/main/include/prolog_after.php:106
#9: require(string)
	/home/bitrix/www/bitrix/modules/main/include/prolog.php:11
#10: require_once(string)
	/home/bitrix/www/bitrix/header.php:1
#11: require(string)
	/home/bitrix/www/s2/ask/active_ask.php:2
----------

2022-04-24 09:48:51 - Host: 178.154.206.90:80 - FATAL - [ErrorException] E_COMPILE_ERROR
Cannot declare class mcart_vacancy, because the name is already in use (0)
/home/bitrix/www/bitrix/modules/mcart.vacancy/install/index.php:0
----------

2022-04-24 09:48:52 - Host: 178.154.206.90:80 - FATAL - [ErrorException] E_COMPILE_ERROR
Cannot declare class mcart_vacancy, because the name is already in use (0)
/home/bitrix/www/bitrix/modules/mcart.vacancy/install/index.php:0
----------

2022-04-24 09:49:09 - Host: 178.154.206.90:80 - FATAL - [ErrorException] E_COMPILE_ERROR
Cannot declare class mcart_vacancy, because the name is already in use (0)
/home/bitrix/www/bitrix/modules/mcart.vacancy/install/index.php:0
----------

2022-04-24 09:49:18 - Host: 178.154.206.90:80 - FATAL - [ErrorException] E_COMPILE_ERROR
Cannot declare class mcart_vacancy, because the name is already in use (0)
/home/bitrix/www/bitrix/modules/mcart.vacancy/install/index.php:0
----------

2022-04-24 09:49:23 - Host: 178.154.206.90:80 - FATAL - [ErrorException] E_COMPILE_ERROR
Cannot declare class mcart_vacancy, because the name is already in use (0)
/home/bitrix/www/bitrix/modules/mcart.vacancy/install/index.php:0
----------

2022-04-24 10:38:47 - Host: 178.154.206.90:80 - FATAL - [ErrorException] E_COMPILE_ERROR
Cannot declare class mcart_vacancy, because the name is already in use (0)
/home/bitrix/www/bitrix/modules/mcart.vacancy/install/index.php:0
----------

2022-04-24 10:38:48 - Host: 178.154.206.90:80 - FATAL - [ErrorException] E_COMPILE_ERROR
Cannot declare class mcart_vacancy, because the name is already in use (0)
/home/bitrix/www/bitrix/modules/mcart.vacancy/install/index.php:0
----------

