2022-04-15 09:17:27 - Host: 178.154.206.90:80 - UNCAUGHT_EXCEPTION - [Error] 
Class 'Loc' not found (0)
/home/bitrix/www/local/templates/exam1/components/bitrix/system.auth.form/demo/template.php:62
#0: include
	/home/bitrix/www/bitrix/modules/main/classes/general/component_template.php:790
#1: CBitrixComponentTemplate->__IncludePHPTemplate(array, array, string)
	/home/bitrix/www/bitrix/modules/main/classes/general/component_template.php:885
#2: CBitrixComponentTemplate->IncludeTemplate(array)
	/home/bitrix/www/bitrix/modules/main/classes/general/component.php:775
#3: CBitrixComponent->showComponentTemplate()
	/home/bitrix/www/bitrix/modules/main/classes/general/component.php:716
#4: CBitrixComponent->includeComponentTemplate()
	/home/bitrix/www/bitrix/components/bitrix/system.auth.form/component.php:213
#5: include(string)
	/home/bitrix/www/bitrix/modules/main/classes/general/component.php:607
#6: CBitrixComponent->__includeComponent()
	/home/bitrix/www/bitrix/modules/main/classes/general/component.php:684
#7: CBitrixComponent->includeComponent(string, array, NULL, boolean)
	/home/bitrix/www/bitrix/modules/main/classes/general/main.php:1072
#8: CAllMain->IncludeComponent(string, string, array)
	/home/bitrix/www/local/templates/exam1/header.php:63
#9: include_once(string)
	/home/bitrix/www/bitrix/modules/main/include/prolog_after.php:106
#10: include(string)
	/home/bitrix/www/bitrix/modules/main/classes/general/main.php:296
#11: CAllMain->AuthForm(boolean)
	/home/bitrix/www/bitrix/modules/main/include.php:1
#12: require_once(string)
	/home/bitrix/www/bitrix/modules/main/include/prolog_before.php:14
#13: require_once(string)
	/home/bitrix/www/bitrix/modules/main/include/prolog.php:10
#14: require_once(string)
	/home/bitrix/www/bitrix/header.php:1
#15: require(string)
	/home/bitrix/www/s2/login/index.php:3
----------

2022-04-15 09:17:53 - Host: 178.154.206.90:80 - UNCAUGHT_EXCEPTION - [Error] 
Class 'Loc' not found (0)
/home/bitrix/www/local/templates/exam1/components/bitrix/system.auth.form/demo/template.php:62
#0: include
	/home/bitrix/www/bitrix/modules/main/classes/general/component_template.php:790
#1: CBitrixComponentTemplate->__IncludePHPTemplate(array, array, string)
	/home/bitrix/www/bitrix/modules/main/classes/general/component_template.php:885
#2: CBitrixComponentTemplate->IncludeTemplate(array)
	/home/bitrix/www/bitrix/modules/main/classes/general/component.php:775
#3: CBitrixComponent->showComponentTemplate()
	/home/bitrix/www/bitrix/modules/main/classes/general/component.php:716
#4: CBitrixComponent->includeComponentTemplate()
	/home/bitrix/www/bitrix/components/bitrix/system.auth.form/component.php:213
#5: include(string)
	/home/bitrix/www/bitrix/modules/main/classes/general/component.php:607
#6: CBitrixComponent->__includeComponent()
	/home/bitrix/www/bitrix/modules/main/classes/general/component.php:684
#7: CBitrixComponent->includeComponent(string, array, NULL, boolean)
	/home/bitrix/www/bitrix/modules/main/classes/general/main.php:1072
#8: CAllMain->IncludeComponent(string, string, array)
	/home/bitrix/www/local/templates/exam1/header.php:63
#9: include_once(string)
	/home/bitrix/www/bitrix/modules/main/include/prolog_after.php:106
#10: include(string)
	/home/bitrix/www/bitrix/modules/main/classes/general/main.php:296
#11: CAllMain->AuthForm(boolean)
	/home/bitrix/www/bitrix/modules/main/include.php:1
#12: require_once(string)
	/home/bitrix/www/bitrix/modules/main/include/prolog_before.php:14
#13: require_once(string)
	/home/bitrix/www/bitrix/modules/main/include/prolog.php:10
#14: require_once(string)
	/home/bitrix/www/bitrix/header.php:1
#15: require(string)
	/home/bitrix/www/s2/login/index.php:3
----------

2022-04-15 09:20:18 - Host: 178.154.206.90:80 - UNCAUGHT_EXCEPTION - [Error] 
Class 'Loc' not found (0)
/home/bitrix/www/local/templates/exam1/components/bitrix/system.auth.form/demo/template.php:53
#0: include
	/home/bitrix/www/bitrix/modules/main/classes/general/component_template.php:790
#1: CBitrixComponentTemplate->__IncludePHPTemplate(array, array, string)
	/home/bitrix/www/bitrix/modules/main/classes/general/component_template.php:885
#2: CBitrixComponentTemplate->IncludeTemplate(array)
	/home/bitrix/www/bitrix/modules/main/classes/general/component.php:775
#3: CBitrixComponent->showComponentTemplate()
	/home/bitrix/www/bitrix/modules/main/classes/general/component.php:716
#4: CBitrixComponent->includeComponentTemplate()
	/home/bitrix/www/bitrix/components/bitrix/system.auth.form/component.php:213
#5: include(string)
	/home/bitrix/www/bitrix/modules/main/classes/general/component.php:607
#6: CBitrixComponent->__includeComponent()
	/home/bitrix/www/bitrix/modules/main/classes/general/component.php:684
#7: CBitrixComponent->includeComponent(string, array, NULL, boolean)
	/home/bitrix/www/bitrix/modules/main/classes/general/main.php:1072
#8: CAllMain->IncludeComponent(string, string, array)
	/home/bitrix/www/local/templates/exam1/header.php:63
#9: include_once(string)
	/home/bitrix/www/bitrix/modules/main/include/prolog_after.php:106
#10: include(string)
	/home/bitrix/www/bitrix/modules/main/classes/general/main.php:296
#11: CAllMain->AuthForm(array)
	/home/bitrix/www/bitrix/modules/main/include.php:1
#12: require_once(string)
	/home/bitrix/www/bitrix/modules/main/include/prolog_before.php:14
#13: require_once(string)
	/home/bitrix/www/bitrix/modules/main/include/prolog.php:10
#14: require_once(string)
	/home/bitrix/www/bitrix/header.php:1
#15: require(string)
	/home/bitrix/www/s2/login/index.php:3
----------

2022-04-15 09:22:35 - Host: 178.154.206.90:80 - UNCAUGHT_EXCEPTION - [Error] 
Class 'Loc' not found (0)
/home/bitrix/www/local/templates/exam1/components/bitrix/system.auth.form/demo/template.php:53
#0: include
	/home/bitrix/www/bitrix/modules/main/classes/general/component_template.php:790
#1: CBitrixComponentTemplate->__IncludePHPTemplate(array, array, string)
	/home/bitrix/www/bitrix/modules/main/classes/general/component_template.php:885
#2: CBitrixComponentTemplate->IncludeTemplate(array)
	/home/bitrix/www/bitrix/modules/main/classes/general/component.php:775
#3: CBitrixComponent->showComponentTemplate()
	/home/bitrix/www/bitrix/modules/main/classes/general/component.php:716
#4: CBitrixComponent->includeComponentTemplate()
	/home/bitrix/www/bitrix/components/bitrix/system.auth.form/component.php:213
#5: include(string)
	/home/bitrix/www/bitrix/modules/main/classes/general/component.php:607
#6: CBitrixComponent->__includeComponent()
	/home/bitrix/www/bitrix/modules/main/classes/general/component.php:684
#7: CBitrixComponent->includeComponent(string, array, NULL, boolean)
	/home/bitrix/www/bitrix/modules/main/classes/general/main.php:1072
#8: CAllMain->IncludeComponent(string, string, array)
	/home/bitrix/www/local/templates/exam1/header.php:63
#9: include_once(string)
	/home/bitrix/www/bitrix/modules/main/include/prolog_after.php:106
#10: include(string)
	/home/bitrix/www/bitrix/modules/main/classes/general/main.php:296
#11: CAllMain->AuthForm(array)
	/home/bitrix/www/bitrix/modules/main/include.php:1
#12: require_once(string)
	/home/bitrix/www/bitrix/modules/main/include/prolog_before.php:14
#13: require_once(string)
	/home/bitrix/www/bitrix/modules/main/include/prolog.php:10
#14: require_once(string)
	/home/bitrix/www/bitrix/header.php:1
#15: require(string)
	/home/bitrix/www/s2/login/index.php:3
----------

2022-04-15 09:23:57 - Host: 178.154.206.90:80 - UNCAUGHT_EXCEPTION - [Error] 
Class 'Loc' not found (0)
/home/bitrix/www/local/templates/exam1/components/bitrix/system.auth.form/demo/template.php:53
#0: include
	/home/bitrix/www/bitrix/modules/main/classes/general/component_template.php:790
#1: CBitrixComponentTemplate->__IncludePHPTemplate(array, array, string)
	/home/bitrix/www/bitrix/modules/main/classes/general/component_template.php:885
#2: CBitrixComponentTemplate->IncludeTemplate(array)
	/home/bitrix/www/bitrix/modules/main/classes/general/component.php:775
#3: CBitrixComponent->showComponentTemplate()
	/home/bitrix/www/bitrix/modules/main/classes/general/component.php:716
#4: CBitrixComponent->includeComponentTemplate()
	/home/bitrix/www/bitrix/components/bitrix/system.auth.form/component.php:213
#5: include(string)
	/home/bitrix/www/bitrix/modules/main/classes/general/component.php:607
#6: CBitrixComponent->__includeComponent()
	/home/bitrix/www/bitrix/modules/main/classes/general/component.php:684
#7: CBitrixComponent->includeComponent(string, array, NULL, boolean)
	/home/bitrix/www/bitrix/modules/main/classes/general/main.php:1072
#8: CAllMain->IncludeComponent(string, string, array)
	/home/bitrix/www/local/templates/exam1/header.php:63
#9: include_once(string)
	/home/bitrix/www/bitrix/modules/main/include/prolog_after.php:106
#10: include(string)
	/home/bitrix/www/bitrix/modules/main/classes/general/main.php:296
#11: CAllMain->AuthForm(array)
	/home/bitrix/www/bitrix/modules/main/include.php:1
#12: require_once(string)
	/home/bitrix/www/bitrix/modules/main/include/prolog_before.php:14
#13: require_once(string)
	/home/bitrix/www/bitrix/modules/main/include/prolog.php:10
#14: require_once(string)
	/home/bitrix/www/bitrix/header.php:1
#15: require(string)
	/home/bitrix/www/s2/login/index.php:3
----------

2022-04-15 09:25:43 - Host: 178.154.206.90:80 - UNCAUGHT_EXCEPTION - [Error] 
Class 'Loc' not found (0)
/home/bitrix/www/local/templates/exam1/components/bitrix/system.auth.form/demo/template.php:54
#0: include
	/home/bitrix/www/bitrix/modules/main/classes/general/component_template.php:790
#1: CBitrixComponentTemplate->__IncludePHPTemplate(array, array, string)
	/home/bitrix/www/bitrix/modules/main/classes/general/component_template.php:885
#2: CBitrixComponentTemplate->IncludeTemplate(array)
	/home/bitrix/www/bitrix/modules/main/classes/general/component.php:775
#3: CBitrixComponent->showComponentTemplate()
	/home/bitrix/www/bitrix/modules/main/classes/general/component.php:716
#4: CBitrixComponent->includeComponentTemplate()
	/home/bitrix/www/bitrix/components/bitrix/system.auth.form/component.php:213
#5: include(string)
	/home/bitrix/www/bitrix/modules/main/classes/general/component.php:607
#6: CBitrixComponent->__includeComponent()
	/home/bitrix/www/bitrix/modules/main/classes/general/component.php:684
#7: CBitrixComponent->includeComponent(string, array, NULL, boolean)
	/home/bitrix/www/bitrix/modules/main/classes/general/main.php:1072
#8: CAllMain->IncludeComponent(string, string, array)
	/home/bitrix/www/local/templates/exam1/header.php:63
#9: include_once(string)
	/home/bitrix/www/bitrix/modules/main/include/prolog_after.php:106
#10: include(string)
	/home/bitrix/www/bitrix/modules/main/classes/general/main.php:296
#11: CAllMain->AuthForm(array)
	/home/bitrix/www/bitrix/modules/main/include.php:1
#12: require_once(string)
	/home/bitrix/www/bitrix/modules/main/include/prolog_before.php:14
#13: require_once(string)
	/home/bitrix/www/bitrix/modules/main/include/prolog.php:10
#14: require_once(string)
	/home/bitrix/www/bitrix/header.php:1
#15: require(string)
	/home/bitrix/www/s2/login/index.php:3
----------

2022-04-15 09:26:00 - Host: 178.154.206.90:80 - UNCAUGHT_EXCEPTION - [Error] 
Class 'Loc' not found (0)
/home/bitrix/www/local/templates/exam1/components/bitrix/system.auth.form/demo/template.php:54
#0: include
	/home/bitrix/www/bitrix/modules/main/classes/general/component_template.php:790
#1: CBitrixComponentTemplate->__IncludePHPTemplate(array, array, string)
	/home/bitrix/www/bitrix/modules/main/classes/general/component_template.php:885
#2: CBitrixComponentTemplate->IncludeTemplate(array)
	/home/bitrix/www/bitrix/modules/main/classes/general/component.php:775
#3: CBitrixComponent->showComponentTemplate()
	/home/bitrix/www/bitrix/modules/main/classes/general/component.php:716
#4: CBitrixComponent->includeComponentTemplate()
	/home/bitrix/www/bitrix/components/bitrix/system.auth.form/component.php:213
#5: include(string)
	/home/bitrix/www/bitrix/modules/main/classes/general/component.php:607
#6: CBitrixComponent->__includeComponent()
	/home/bitrix/www/bitrix/modules/main/classes/general/component.php:684
#7: CBitrixComponent->includeComponent(string, array, NULL, boolean)
	/home/bitrix/www/bitrix/modules/main/classes/general/main.php:1072
#8: CAllMain->IncludeComponent(string, string, array)
	/home/bitrix/www/local/templates/exam1/header.php:63
#9: include_once(string)
	/home/bitrix/www/bitrix/modules/main/include/prolog_after.php:106
#10: include(string)
	/home/bitrix/www/bitrix/modules/main/classes/general/main.php:296
#11: CAllMain->AuthForm(array)
	/home/bitrix/www/bitrix/modules/main/include.php:1
#12: require_once(string)
	/home/bitrix/www/bitrix/modules/main/include/prolog_before.php:14
#13: require_once(string)
	/home/bitrix/www/bitrix/modules/main/include/prolog.php:10
#14: require_once(string)
	/home/bitrix/www/bitrix/header.php:1
#15: require(string)
	/home/bitrix/www/s2/login/index.php:3
----------

2022-04-15 09:28:41 - Host: 178.154.206.90:80 - UNCAUGHT_EXCEPTION - [Error] 
Class 'Loc' not found (0)
/home/bitrix/www/local/templates/exam1/components/bitrix/system.auth.form/demo/template.php:54
#0: include
	/home/bitrix/www/bitrix/modules/main/classes/general/component_template.php:790
#1: CBitrixComponentTemplate->__IncludePHPTemplate(array, array, string)
	/home/bitrix/www/bitrix/modules/main/classes/general/component_template.php:885
#2: CBitrixComponentTemplate->IncludeTemplate(array)
	/home/bitrix/www/bitrix/modules/main/classes/general/component.php:775
#3: CBitrixComponent->showComponentTemplate()
	/home/bitrix/www/bitrix/modules/main/classes/general/component.php:716
#4: CBitrixComponent->includeComponentTemplate()
	/home/bitrix/www/bitrix/components/bitrix/system.auth.form/component.php:213
#5: include(string)
	/home/bitrix/www/bitrix/modules/main/classes/general/component.php:607
#6: CBitrixComponent->__includeComponent()
	/home/bitrix/www/bitrix/modules/main/classes/general/component.php:684
#7: CBitrixComponent->includeComponent(string, array, NULL, boolean)
	/home/bitrix/www/bitrix/modules/main/classes/general/main.php:1072
#8: CAllMain->IncludeComponent(string, string, array)
	/home/bitrix/www/local/templates/exam1/header.php:63
#9: include_once(string)
	/home/bitrix/www/bitrix/modules/main/include/prolog_after.php:106
#10: include(string)
	/home/bitrix/www/bitrix/modules/main/classes/general/main.php:296
#11: CAllMain->AuthForm(array)
	/home/bitrix/www/bitrix/modules/main/include.php:1
#12: require_once(string)
	/home/bitrix/www/bitrix/modules/main/include/prolog_before.php:14
#13: require_once(string)
	/home/bitrix/www/bitrix/modules/main/include/prolog.php:10
#14: require_once(string)
	/home/bitrix/www/bitrix/header.php:1
#15: require(string)
	/home/bitrix/www/s2/login/index.php:3
----------

2022-04-15 09:58:22 - Host: 178.154.206.90:80 - UNCAUGHT_EXCEPTION - [ParseError] 
syntax error, unexpected ';', expecting ')' (0)
/home/bitrix/www/local/templates/exam1/header.php:67
#0: include
	/home/bitrix/www/bitrix/modules/main/classes/general/main.php:296
#1: CAllMain->AuthForm(boolean)
	/home/bitrix/www/bitrix/modules/main/include.php:1
#2: require_once(string)
	/home/bitrix/www/bitrix/modules/main/include/prolog_before.php:14
#3: require_once(string)
	/home/bitrix/www/bitrix/modules/main/include/prolog.php:10
#4: require_once(string)
	/home/bitrix/www/bitrix/header.php:1
#5: require(string)
	/home/bitrix/www/s2/login/index.php:3
----------

2022-04-15 10:26:33 - Host: 178.154.206.90:80 - LOW_PRIORITY_ERROR - [ErrorException] E_WARNING
opendir(/home/bitrix/www/bitrix/components/bitrix/menu.sections/templates): failed to open dir: No such file or directory (0)
/home/bitrix/www/bitrix/modules/main/classes/general/component_util.php:1089
#0: opendir(string)
	/home/bitrix/www/bitrix/modules/main/classes/general/component_util.php:1089
#1: CComponentUtil::GetTemplatesList(string, string)
	/home/bitrix/www/bitrix/modules/fileman/classes/general/component_params_manager.php:99
#2: CComponentParamsManager::GetComponentProperties(string, string, string, array)
	/home/bitrix/www/bitrix/modules/main/public/component_props2.php:119
#3: require(string)
	/home/bitrix/www/bitrix/admin/component_props.php:1
----------

2022-04-15 10:26:46 - Host: 178.154.206.90:80 - LOW_PRIORITY_ERROR - [ErrorException] E_WARNING
opendir(/home/bitrix/www/bitrix/components/bitrix/menu.sections/templates): failed to open dir: No such file or directory (0)
/home/bitrix/www/bitrix/modules/main/classes/general/component_util.php:1089
#0: opendir(string)
	/home/bitrix/www/bitrix/modules/main/classes/general/component_util.php:1089
#1: CComponentUtil::GetTemplatesList(string, string)
	/home/bitrix/www/bitrix/modules/fileman/classes/general/component_params_manager.php:99
#2: CComponentParamsManager::GetComponentProperties(string, string, string, array)
	/home/bitrix/www/bitrix/modules/main/public/component_props2.php:119
#3: require(string)
	/home/bitrix/www/bitrix/admin/component_props.php:1
----------

2022-04-15 10:26:46 - Host: 178.154.206.90:80 - LOW_PRIORITY_ERROR - [ErrorException] E_WARNING
opendir(/home/bitrix/www/bitrix/components/bitrix/menu.sections/templates): failed to open dir: No such file or directory (0)
/home/bitrix/www/bitrix/modules/main/classes/general/component_util.php:1089
#0: opendir(string)
	/home/bitrix/www/bitrix/modules/main/classes/general/component_util.php:1089
#1: CComponentUtil::GetTemplatesList(string, string)
	/home/bitrix/www/bitrix/modules/main/public/component_props2.php:151
#2: require(string)
	/home/bitrix/www/bitrix/admin/component_props.php:1
----------

2022-04-15 14:03:48 - Host: 178.154.206.90:80 - LOW_PRIORITY_ERROR - [ErrorException] E_WARNING
opendir(/home/bitrix/www/bitrix/components/bitrix/menu.sections/templates): failed to open dir: No such file or directory (0)
/home/bitrix/www/bitrix/modules/main/classes/general/component_util.php:1089
#0: opendir(string)
	/home/bitrix/www/bitrix/modules/main/classes/general/component_util.php:1089
#1: CComponentUtil::GetTemplatesList(string, string)
	/home/bitrix/www/bitrix/modules/fileman/classes/general/component_params_manager.php:99
#2: CComponentParamsManager::GetComponentProperties(string, string, string, array)
	/home/bitrix/www/bitrix/modules/main/public/component_props2.php:119
#3: require(string)
	/home/bitrix/www/bitrix/admin/component_props.php:1
----------

2022-04-15 14:05:48 - Host: 178.154.206.90:80 - LOW_PRIORITY_ERROR - [ErrorException] E_WARNING
opendir(/home/bitrix/www/bitrix/components/bitrix/menu.sections/templates): failed to open dir: No such file or directory (0)
/home/bitrix/www/bitrix/modules/main/classes/general/component_util.php:1089
#0: opendir(string)
	/home/bitrix/www/bitrix/modules/main/classes/general/component_util.php:1089
#1: CComponentUtil::GetTemplatesList(string, string)
	/home/bitrix/www/bitrix/modules/fileman/classes/general/component_params_manager.php:99
#2: CComponentParamsManager::GetComponentProperties(string, string, string, array)
	/home/bitrix/www/bitrix/modules/main/public/component_props2.php:119
#3: require(string)
	/home/bitrix/www/bitrix/admin/component_props.php:1
----------

2022-04-15 14:05:54 - Host: 178.154.206.90:80 - LOW_PRIORITY_ERROR - [ErrorException] E_WARNING
opendir(/home/bitrix/www/bitrix/components/bitrix/menu.sections/templates): failed to open dir: No such file or directory (0)
/home/bitrix/www/bitrix/modules/main/classes/general/component_util.php:1089
#0: opendir(string)
	/home/bitrix/www/bitrix/modules/main/classes/general/component_util.php:1089
#1: CComponentUtil::GetTemplatesList(string, string)
	/home/bitrix/www/bitrix/modules/fileman/classes/general/component_params_manager.php:99
#2: CComponentParamsManager::GetComponentProperties(string, string, string, array)
	/home/bitrix/www/bitrix/modules/main/public/component_props2.php:119
#3: require(string)
	/home/bitrix/www/bitrix/admin/component_props.php:1
----------

2022-04-15 14:05:54 - Host: 178.154.206.90:80 - LOW_PRIORITY_ERROR - [ErrorException] E_WARNING
opendir(/home/bitrix/www/bitrix/components/bitrix/menu.sections/templates): failed to open dir: No such file or directory (0)
/home/bitrix/www/bitrix/modules/main/classes/general/component_util.php:1089
#0: opendir(string)
	/home/bitrix/www/bitrix/modules/main/classes/general/component_util.php:1089
#1: CComponentUtil::GetTemplatesList(string, string)
	/home/bitrix/www/bitrix/modules/main/public/component_props2.php:151
#2: require(string)
	/home/bitrix/www/bitrix/admin/component_props.php:1
----------

2022-04-15 14:06:09 - Host: 178.154.206.90:80 - LOW_PRIORITY_ERROR - [ErrorException] E_WARNING
opendir(/home/bitrix/www/bitrix/components/bitrix/menu.sections/templates): failed to open dir: No such file or directory (0)
/home/bitrix/www/bitrix/modules/main/classes/general/component_util.php:1089
#0: opendir(string)
	/home/bitrix/www/bitrix/modules/main/classes/general/component_util.php:1089
#1: CComponentUtil::GetTemplatesList(string, string)
	/home/bitrix/www/bitrix/modules/fileman/classes/general/component_params_manager.php:99
#2: CComponentParamsManager::GetComponentProperties(string, string, string, array)
	/home/bitrix/www/bitrix/modules/main/public/component_props2.php:119
#3: require(string)
	/home/bitrix/www/bitrix/admin/component_props.php:1
----------

2022-04-15 14:06:15 - Host: 178.154.206.90:80 - LOW_PRIORITY_ERROR - [ErrorException] E_WARNING
opendir(/home/bitrix/www/bitrix/components/bitrix/menu.sections/templates): failed to open dir: No such file or directory (0)
/home/bitrix/www/bitrix/modules/main/classes/general/component_util.php:1089
#0: opendir(string)
	/home/bitrix/www/bitrix/modules/main/classes/general/component_util.php:1089
#1: CComponentUtil::GetTemplatesList(string, string)
	/home/bitrix/www/bitrix/modules/fileman/classes/general/component_params_manager.php:99
#2: CComponentParamsManager::GetComponentProperties(string, string, string, array)
	/home/bitrix/www/bitrix/modules/main/public/component_props2.php:119
#3: require(string)
	/home/bitrix/www/bitrix/admin/component_props.php:1
----------

2022-04-15 14:12:50 - Host: 178.154.206.90:80 - LOW_PRIORITY_ERROR - [ErrorException] E_WARNING
opendir(/home/bitrix/www/bitrix/components/bitrix/menu.sections/templates): failed to open dir: No such file or directory (0)
/home/bitrix/www/bitrix/modules/main/classes/general/component_util.php:1089
#0: opendir(string)
	/home/bitrix/www/bitrix/modules/main/classes/general/component_util.php:1089
#1: CComponentUtil::GetTemplatesList(string, string)
	/home/bitrix/www/bitrix/modules/fileman/classes/general/component_params_manager.php:99
#2: CComponentParamsManager::GetComponentProperties(string, string, string, array)
	/home/bitrix/www/bitrix/modules/main/public/component_props2.php:119
#3: require(string)
	/home/bitrix/www/bitrix/admin/component_props.php:1
----------

2022-04-15 14:12:59 - Host: 178.154.206.90:80 - LOW_PRIORITY_ERROR - [ErrorException] E_WARNING
opendir(/home/bitrix/www/bitrix/components/bitrix/menu.sections/templates): failed to open dir: No such file or directory (0)
/home/bitrix/www/bitrix/modules/main/classes/general/component_util.php:1089
#0: opendir(string)
	/home/bitrix/www/bitrix/modules/main/classes/general/component_util.php:1089
#1: CComponentUtil::GetTemplatesList(string, string)
	/home/bitrix/www/bitrix/modules/fileman/classes/general/component_params_manager.php:99
#2: CComponentParamsManager::GetComponentProperties(string, string, string, array)
	/home/bitrix/www/bitrix/modules/fileman/classes/general/component_params_manager.php:64
#3: CComponentParamsManager::ProcessRequest()
	/home/bitrix/www/bitrix/modules/fileman/admin/fileman_component_params.php:13
#4: require(string)
	/home/bitrix/www/bitrix/admin/fileman_component_params.php:1
----------

2022-04-15 14:13:01 - Host: 178.154.206.90:80 - LOW_PRIORITY_ERROR - [ErrorException] E_WARNING
opendir(/home/bitrix/www/bitrix/components/bitrix/menu.sections/templates): failed to open dir: No such file or directory (0)
/home/bitrix/www/bitrix/modules/main/classes/general/component_util.php:1089
#0: opendir(string)
	/home/bitrix/www/bitrix/modules/main/classes/general/component_util.php:1089
#1: CComponentUtil::GetTemplatesList(string, string)
	/home/bitrix/www/bitrix/modules/fileman/classes/general/component_params_manager.php:99
#2: CComponentParamsManager::GetComponentProperties(string, string, string, array)
	/home/bitrix/www/bitrix/modules/fileman/classes/general/component_params_manager.php:64
#3: CComponentParamsManager::ProcessRequest()
	/home/bitrix/www/bitrix/modules/fileman/admin/fileman_component_params.php:13
#4: require(string)
	/home/bitrix/www/bitrix/admin/fileman_component_params.php:1
----------

2022-04-15 14:13:05 - Host: 178.154.206.90:80 - LOW_PRIORITY_ERROR - [ErrorException] E_WARNING
opendir(/home/bitrix/www/bitrix/components/bitrix/menu.sections/templates): failed to open dir: No such file or directory (0)
/home/bitrix/www/bitrix/modules/main/classes/general/component_util.php:1089
#0: opendir(string)
	/home/bitrix/www/bitrix/modules/main/classes/general/component_util.php:1089
#1: CComponentUtil::GetTemplatesList(string, string)
	/home/bitrix/www/bitrix/modules/fileman/classes/general/component_params_manager.php:99
#2: CComponentParamsManager::GetComponentProperties(string, string, string, array)
	/home/bitrix/www/bitrix/modules/main/public/component_props2.php:119
#3: require(string)
	/home/bitrix/www/bitrix/admin/component_props.php:1
----------

2022-04-15 14:13:05 - Host: 178.154.206.90:80 - LOW_PRIORITY_ERROR - [ErrorException] E_WARNING
opendir(/home/bitrix/www/bitrix/components/bitrix/menu.sections/templates): failed to open dir: No such file or directory (0)
/home/bitrix/www/bitrix/modules/main/classes/general/component_util.php:1089
#0: opendir(string)
	/home/bitrix/www/bitrix/modules/main/classes/general/component_util.php:1089
#1: CComponentUtil::GetTemplatesList(string, string)
	/home/bitrix/www/bitrix/modules/main/public/component_props2.php:151
#2: require(string)
	/home/bitrix/www/bitrix/admin/component_props.php:1
----------

2022-04-15 14:19:20 - Host: 178.154.206.90:80 - LOW_PRIORITY_ERROR - [ErrorException] E_WARNING
opendir(/home/bitrix/www/bitrix/components/bitrix/menu.sections/templates): failed to open dir: No such file or directory (0)
/home/bitrix/www/bitrix/modules/main/classes/general/component_util.php:1089
#0: opendir(string)
	/home/bitrix/www/bitrix/modules/main/classes/general/component_util.php:1089
#1: CComponentUtil::GetTemplatesList(string, string)
	/home/bitrix/www/bitrix/modules/fileman/classes/general/component_params_manager.php:99
#2: CComponentParamsManager::GetComponentProperties(string, string, string, array)
	/home/bitrix/www/bitrix/modules/main/public/component_props2.php:119
#3: require(string)
	/home/bitrix/www/bitrix/admin/component_props.php:1
----------

2022-04-15 14:20:42 - Host: 178.154.206.90:80 - LOW_PRIORITY_ERROR - [ErrorException] E_WARNING
opendir(/home/bitrix/www/bitrix/components/bitrix/menu.sections/templates): failed to open dir: No such file or directory (0)
/home/bitrix/www/bitrix/modules/main/classes/general/component_util.php:1089
#0: opendir(string)
	/home/bitrix/www/bitrix/modules/main/classes/general/component_util.php:1089
#1: CComponentUtil::GetTemplatesList(string, string)
	/home/bitrix/www/bitrix/modules/fileman/classes/general/component_params_manager.php:99
#2: CComponentParamsManager::GetComponentProperties(string, string, string, array)
	/home/bitrix/www/bitrix/modules/main/public/component_props2.php:119
#3: require(string)
	/home/bitrix/www/bitrix/admin/component_props.php:1
----------

2022-04-15 14:21:10 - Host: 178.154.206.90:80 - LOW_PRIORITY_ERROR - [ErrorException] E_WARNING
opendir(/home/bitrix/www/bitrix/components/bitrix/menu.sections/templates): failed to open dir: No such file or directory (0)
/home/bitrix/www/bitrix/modules/main/classes/general/component_util.php:1089
#0: opendir(string)
	/home/bitrix/www/bitrix/modules/main/classes/general/component_util.php:1089
#1: CComponentUtil::GetTemplatesList(string, string)
	/home/bitrix/www/bitrix/modules/fileman/classes/general/component_params_manager.php:99
#2: CComponentParamsManager::GetComponentProperties(string, string, string, NULL)
	/home/bitrix/www/bitrix/modules/fileman/classes/general/component_params_manager.php:64
#3: CComponentParamsManager::ProcessRequest()
	/home/bitrix/www/bitrix/modules/fileman/admin/fileman_component_params.php:13
#4: require(string)
	/home/bitrix/www/bitrix/admin/fileman_component_params.php:1
----------

2022-04-15 14:21:15 - Host: 178.154.206.90:80 - LOW_PRIORITY_ERROR - [ErrorException] E_WARNING
opendir(/home/bitrix/www/bitrix/components/bitrix/menu.sections/templates): failed to open dir: No such file or directory (0)
/home/bitrix/www/bitrix/modules/main/classes/general/component_util.php:1089
#0: opendir(string)
	/home/bitrix/www/bitrix/modules/main/classes/general/component_util.php:1089
#1: CComponentUtil::GetTemplatesList(string, string)
	/home/bitrix/www/bitrix/modules/fileman/classes/general/component_params_manager.php:99
#2: CComponentParamsManager::GetComponentProperties(string, string, string, NULL)
	/home/bitrix/www/bitrix/modules/fileman/classes/general/component_params_manager.php:64
#3: CComponentParamsManager::ProcessRequest()
	/home/bitrix/www/bitrix/modules/fileman/admin/fileman_component_params.php:13
#4: require(string)
	/home/bitrix/www/bitrix/admin/fileman_component_params.php:1
----------

2022-04-15 14:21:31 - Host: 178.154.206.90:80 - LOW_PRIORITY_ERROR - [ErrorException] E_WARNING
opendir(/home/bitrix/www/bitrix/components/bitrix/menu.sections/templates): failed to open dir: No such file or directory (0)
/home/bitrix/www/bitrix/modules/main/classes/general/component_util.php:1089
#0: opendir(string)
	/home/bitrix/www/bitrix/modules/main/classes/general/component_util.php:1089
#1: CComponentUtil::GetTemplatesList(string, string)
	/home/bitrix/www/bitrix/modules/fileman/classes/general/component_params_manager.php:99
#2: CComponentParamsManager::GetComponentProperties(string, string, string, array)
	/home/bitrix/www/bitrix/modules/fileman/classes/general/component_params_manager.php:64
#3: CComponentParamsManager::ProcessRequest()
	/home/bitrix/www/bitrix/modules/fileman/admin/fileman_component_params.php:13
#4: require(string)
	/home/bitrix/www/bitrix/admin/fileman_component_params.php:1
----------

2022-04-15 14:21:40 - Host: 178.154.206.90:80 - LOW_PRIORITY_ERROR - [ErrorException] E_WARNING
opendir(/home/bitrix/www/bitrix/components/bitrix/menu.sections/templates): failed to open dir: No such file or directory (0)
/home/bitrix/www/bitrix/modules/main/classes/general/component_util.php:1089
#0: opendir(string)
	/home/bitrix/www/bitrix/modules/main/classes/general/component_util.php:1089
#1: CComponentUtil::GetTemplatesList(string, string)
	/home/bitrix/www/bitrix/modules/fileman/classes/general/component_params_manager.php:99
#2: CComponentParamsManager::GetComponentProperties(string, string, string, array)
	/home/bitrix/www/bitrix/modules/main/public/component_props2.php:119
#3: require(string)
	/home/bitrix/www/bitrix/admin/component_props.php:1
----------

2022-04-15 14:48:11 - Host: 178.154.206.90:80 - UNCAUGHT_EXCEPTION - [ParseError] 
syntax error, unexpected end of file, expecting elseif (T_ELSEIF) or else (T_ELSE) or endif (T_ENDIF) (0)
/home/bitrix/www/local/templates/exam1/components/bitrix/menu/horizontal_multilevel_menu/template.php:142
#0: CBitrixComponentTemplate->__IncludePHPTemplate(array, array, string)
	/home/bitrix/www/bitrix/modules/main/classes/general/component_template.php:885
#1: CBitrixComponentTemplate->IncludeTemplate(array)
	/home/bitrix/www/bitrix/modules/main/classes/general/component.php:775
#2: CBitrixComponent->showComponentTemplate()
	/home/bitrix/www/bitrix/modules/main/classes/general/component.php:716
#3: CBitrixComponent->includeComponentTemplate()
	/home/bitrix/www/bitrix/components/bitrix/menu/component.php:386
#4: include(string)
	/home/bitrix/www/bitrix/modules/main/classes/general/component.php:607
#5: CBitrixComponent->__includeComponent()
	/home/bitrix/www/bitrix/modules/main/classes/general/component.php:105
#6: CBitrixComponent->executeComponent()
	/home/bitrix/www/bitrix/modules/main/classes/general/component.php:660
#7: CBitrixComponent->includeComponent(string, array, NULL, boolean)
	/home/bitrix/www/bitrix/modules/main/classes/general/main.php:1072
#8: CAllMain->IncludeComponent(string, string, array)
	/home/bitrix/www/local/templates/exam1/header.php:80
#9: include_once(string)
	/home/bitrix/www/bitrix/modules/main/include/prolog_after.php:106
#10: require(string)
	/home/bitrix/www/bitrix/modules/main/include/prolog.php:11
#11: require_once(string)
	/home/bitrix/www/bitrix/header.php:1
#12: require(string)
	/home/bitrix/www/s2/index.php:2
----------

2022-04-15 14:49:46 - Host: 178.154.206.90:80 - UNCAUGHT_EXCEPTION - [ParseError] 
syntax error, unexpected end of file, expecting elseif (T_ELSEIF) or else (T_ELSE) or endif (T_ENDIF) (0)
/home/bitrix/www/local/templates/exam1/components/bitrix/menu/horizontal_multilevel_menu/template.php:142
#0: CBitrixComponentTemplate->__IncludePHPTemplate(array, array, string)
	/home/bitrix/www/bitrix/modules/main/classes/general/component_template.php:885
#1: CBitrixComponentTemplate->IncludeTemplate(array)
	/home/bitrix/www/bitrix/modules/main/classes/general/component.php:775
#2: CBitrixComponent->showComponentTemplate()
	/home/bitrix/www/bitrix/modules/main/classes/general/component.php:716
#3: CBitrixComponent->includeComponentTemplate()
	/home/bitrix/www/bitrix/components/bitrix/menu/component.php:386
#4: include(string)
	/home/bitrix/www/bitrix/modules/main/classes/general/component.php:607
#5: CBitrixComponent->__includeComponent()
	/home/bitrix/www/bitrix/modules/main/classes/general/component.php:105
#6: CBitrixComponent->executeComponent()
	/home/bitrix/www/bitrix/modules/main/classes/general/component.php:660
#7: CBitrixComponent->includeComponent(string, array, NULL, boolean)
	/home/bitrix/www/bitrix/modules/main/classes/general/main.php:1072
#8: CAllMain->IncludeComponent(string, string, array)
	/home/bitrix/www/local/templates/exam1/header.php:80
#9: include_once(string)
	/home/bitrix/www/bitrix/modules/main/include/prolog_after.php:106
#10: require(string)
	/home/bitrix/www/bitrix/modules/main/include/prolog.php:11
#11: require_once(string)
	/home/bitrix/www/bitrix/header.php:1
#12: require(string)
	/home/bitrix/www/s2/index.php:2
----------

2022-04-15 14:52:14 - Host: 178.154.206.90:80 - UNCAUGHT_EXCEPTION - [ParseError] 
syntax error, unexpected end of file, expecting elseif (T_ELSEIF) or else (T_ELSE) or endif (T_ENDIF) (0)
/home/bitrix/www/local/templates/exam1/components/bitrix/menu/horizontal_multilevel_menu/template.php:140
#0: CBitrixComponentTemplate->__IncludePHPTemplate(array, array, string)
	/home/bitrix/www/bitrix/modules/main/classes/general/component_template.php:885
#1: CBitrixComponentTemplate->IncludeTemplate(array)
	/home/bitrix/www/bitrix/modules/main/classes/general/component.php:775
#2: CBitrixComponent->showComponentTemplate()
	/home/bitrix/www/bitrix/modules/main/classes/general/component.php:716
#3: CBitrixComponent->includeComponentTemplate()
	/home/bitrix/www/bitrix/components/bitrix/menu/component.php:386
#4: include(string)
	/home/bitrix/www/bitrix/modules/main/classes/general/component.php:607
#5: CBitrixComponent->__includeComponent()
	/home/bitrix/www/bitrix/modules/main/classes/general/component.php:105
#6: CBitrixComponent->executeComponent()
	/home/bitrix/www/bitrix/modules/main/classes/general/component.php:660
#7: CBitrixComponent->includeComponent(string, array, NULL, boolean)
	/home/bitrix/www/bitrix/modules/main/classes/general/main.php:1072
#8: CAllMain->IncludeComponent(string, string, array)
	/home/bitrix/www/local/templates/exam1/header.php:80
#9: include_once(string)
	/home/bitrix/www/bitrix/modules/main/include/prolog_after.php:106
#10: require(string)
	/home/bitrix/www/bitrix/modules/main/include/prolog.php:11
#11: require_once(string)
	/home/bitrix/www/bitrix/header.php:1
#12: require(string)
	/home/bitrix/www/s2/index.php:2
----------

2022-04-15 15:00:07 - Host: 178.154.206.90:80 - UNCAUGHT_EXCEPTION - [ParseError] 
syntax error, unexpected ']' (0)
/home/bitrix/www/local/templates/exam1/components/bitrix/menu/horizontal_multilevel_menu/template.php:18
#0: CBitrixComponentTemplate->__IncludePHPTemplate(array, array, string)
	/home/bitrix/www/bitrix/modules/main/classes/general/component_template.php:885
#1: CBitrixComponentTemplate->IncludeTemplate(array)
	/home/bitrix/www/bitrix/modules/main/classes/general/component.php:775
#2: CBitrixComponent->showComponentTemplate()
	/home/bitrix/www/bitrix/modules/main/classes/general/component.php:716
#3: CBitrixComponent->includeComponentTemplate()
	/home/bitrix/www/bitrix/components/bitrix/menu/component.php:386
#4: include(string)
	/home/bitrix/www/bitrix/modules/main/classes/general/component.php:607
#5: CBitrixComponent->__includeComponent()
	/home/bitrix/www/bitrix/modules/main/classes/general/component.php:105
#6: CBitrixComponent->executeComponent()
	/home/bitrix/www/bitrix/modules/main/classes/general/component.php:660
#7: CBitrixComponent->includeComponent(string, array, NULL, boolean)
	/home/bitrix/www/bitrix/modules/main/classes/general/main.php:1072
#8: CAllMain->IncludeComponent(string, string, array)
	/home/bitrix/www/local/templates/exam1/header.php:80
#9: include_once(string)
	/home/bitrix/www/bitrix/modules/main/include/prolog_after.php:106
#10: require(string)
	/home/bitrix/www/bitrix/modules/main/include/prolog.php:11
#11: require_once(string)
	/home/bitrix/www/bitrix/header.php:1
#12: require(string)
	/home/bitrix/www/s2/for_partners/index.php:2
----------

2022-04-15 15:25:54 - Host: 178.154.206.90:80 - LOW_PRIORITY_ERROR - [ErrorException] E_WARNING
opendir(/home/bitrix/www/bitrix/components/bitrix/menu.sections/templates): failed to open dir: No such file or directory (0)
/home/bitrix/www/bitrix/modules/main/classes/general/component_util.php:1089
#0: opendir(string)
	/home/bitrix/www/bitrix/modules/main/classes/general/component_util.php:1089
#1: CComponentUtil::GetTemplatesList(string, string)
	/home/bitrix/www/bitrix/modules/fileman/classes/general/component_params_manager.php:99
#2: CComponentParamsManager::GetComponentProperties(string, string, string, array)
	/home/bitrix/www/bitrix/modules/main/public/component_props2.php:119
#3: require(string)
	/home/bitrix/www/bitrix/admin/component_props.php:1
----------

2022-04-15 15:27:38 - Host: 178.154.206.90:80 - LOW_PRIORITY_ERROR - [ErrorException] E_WARNING
opendir(/home/bitrix/www/bitrix/components/bitrix/menu.sections/templates): failed to open dir: No such file or directory (0)
/home/bitrix/www/bitrix/modules/main/classes/general/component_util.php:1089
#0: opendir(string)
	/home/bitrix/www/bitrix/modules/main/classes/general/component_util.php:1089
#1: CComponentUtil::GetTemplatesList(string, string)
	/home/bitrix/www/bitrix/modules/fileman/classes/general/component_params_manager.php:99
#2: CComponentParamsManager::GetComponentProperties(string, string, string, array)
	/home/bitrix/www/bitrix/modules/main/public/component_props2.php:119
#3: require(string)
	/home/bitrix/www/bitrix/admin/component_props.php:1
----------

2022-04-15 15:30:16 - Host: 178.154.206.90:80 - LOW_PRIORITY_ERROR - [ErrorException] E_WARNING
opendir(/home/bitrix/www/bitrix/components/bitrix/menu.sections/templates): failed to open dir: No such file or directory (0)
/home/bitrix/www/bitrix/modules/main/classes/general/component_util.php:1089
#0: opendir(string)
	/home/bitrix/www/bitrix/modules/main/classes/general/component_util.php:1089
#1: CComponentUtil::GetTemplatesList(string, string)
	/home/bitrix/www/bitrix/modules/fileman/classes/general/component_params_manager.php:99
#2: CComponentParamsManager::GetComponentProperties(string, string, string, array)
	/home/bitrix/www/bitrix/modules/main/public/component_props2.php:119
#3: require(string)
	/home/bitrix/www/bitrix/admin/component_props.php:1
----------

2022-04-15 15:32:43 - Host: 178.154.206.90:80 - LOW_PRIORITY_ERROR - [ErrorException] E_WARNING
opendir(/home/bitrix/www/bitrix/components/bitrix/menu.sections/templates): failed to open dir: No such file or directory (0)
/home/bitrix/www/bitrix/modules/main/classes/general/component_util.php:1089
#0: opendir(string)
	/home/bitrix/www/bitrix/modules/main/classes/general/component_util.php:1089
#1: CComponentUtil::GetTemplatesList(string, string)
	/home/bitrix/www/bitrix/modules/fileman/classes/general/component_params_manager.php:99
#2: CComponentParamsManager::GetComponentProperties(string, string, string, array)
	/home/bitrix/www/bitrix/modules/main/public/component_props2.php:119
#3: require(string)
	/home/bitrix/www/bitrix/admin/component_props.php:1
----------

2022-04-15 15:33:40 - Host: 178.154.206.90:80 - LOW_PRIORITY_ERROR - [ErrorException] E_WARNING
opendir(/home/bitrix/www/bitrix/components/bitrix/menu.sections/templates): failed to open dir: No such file or directory (0)
/home/bitrix/www/bitrix/modules/main/classes/general/component_util.php:1089
#0: opendir(string)
	/home/bitrix/www/bitrix/modules/main/classes/general/component_util.php:1089
#1: CComponentUtil::GetTemplatesList(string, string)
	/home/bitrix/www/bitrix/modules/fileman/classes/general/component_params_manager.php:99
#2: CComponentParamsManager::GetComponentProperties(string, string, string, array)
	/home/bitrix/www/bitrix/modules/main/public/component_props2.php:119
#3: require(string)
	/home/bitrix/www/bitrix/admin/component_props.php:1
----------

2022-04-15 15:34:20 - Host: 178.154.206.90:80 - LOW_PRIORITY_ERROR - [ErrorException] E_WARNING
opendir(/home/bitrix/www/bitrix/components/bitrix/menu.sections/templates): failed to open dir: No such file or directory (0)
/home/bitrix/www/bitrix/modules/main/classes/general/component_util.php:1089
#0: opendir(string)
	/home/bitrix/www/bitrix/modules/main/classes/general/component_util.php:1089
#1: CComponentUtil::GetTemplatesList(string, string)
	/home/bitrix/www/bitrix/modules/fileman/classes/general/component_params_manager.php:99
#2: CComponentParamsManager::GetComponentProperties(string, string, string, array)
	/home/bitrix/www/bitrix/modules/main/public/component_props2.php:119
#3: require(string)
	/home/bitrix/www/bitrix/admin/component_props.php:1
----------

2022-04-15 15:37:01 - Host: 178.154.206.90:80 - LOW_PRIORITY_ERROR - [ErrorException] E_WARNING
opendir(/home/bitrix/www/bitrix/components/bitrix/menu.sections/templates): failed to open dir: No such file or directory (0)
/home/bitrix/www/bitrix/modules/main/classes/general/component_util.php:1089
#0: opendir(string)
	/home/bitrix/www/bitrix/modules/main/classes/general/component_util.php:1089
#1: CComponentUtil::GetTemplatesList(string, string)
	/home/bitrix/www/bitrix/modules/fileman/classes/general/component_params_manager.php:99
#2: CComponentParamsManager::GetComponentProperties(string, string, string, array)
	/home/bitrix/www/bitrix/modules/main/public/component_props2.php:119
#3: require(string)
	/home/bitrix/www/bitrix/admin/component_props.php:1
----------

2022-04-15 15:54:56 - Host: 178.154.206.90:80 - LOW_PRIORITY_ERROR - [ErrorException] E_WARNING
array_merge(): Expected parameter 2 to be an array, null given (0)
/home/bitrix/www/s2/products/.left.menu_ext.php:38
#0: array_merge(array, NULL)
	/home/bitrix/www/s2/products/.left.menu_ext.php:38
#1: include(string)
	/home/bitrix/www/bitrix/modules/main/classes/general/menu.php:115
#2: CMenu->Init(string, boolean, string)
	/home/bitrix/www/bitrix/components/bitrix/menu/component.php:53
#3: include(string)
	/home/bitrix/www/bitrix/modules/main/classes/general/component.php:607
#4: CBitrixComponent->__includeComponent()
	/home/bitrix/www/bitrix/modules/main/classes/general/component.php:105
#5: CBitrixComponent->executeComponent()
	/home/bitrix/www/bitrix/modules/main/classes/general/component.php:660
#6: CBitrixComponent->includeComponent(string, array, NULL, boolean)
	/home/bitrix/www/bitrix/modules/main/classes/general/main.php:1072
#7: CAllMain->IncludeComponent(string, string, array)
	/home/bitrix/www/local/templates/exam1/footer.php:20
#8: include_once(string)
	/home/bitrix/www/bitrix/modules/main/include/epilog_before.php:93
#9: require(string)
	/home/bitrix/www/bitrix/modules/main/include/epilog.php:2
#10: require_once(string)
	/home/bitrix/www/bitrix/footer.php:4
#11: require(string)
	/home/bitrix/www/s2/products/index.php:4
----------

2022-04-15 15:54:56 - Host: 178.154.206.90:80 - LOW_PRIORITY_ERROR - [ErrorException] E_WARNING
array_merge(): Expected parameter 1 to be an array, null given (0)
/home/bitrix/www/s2/products/.left.menu_ext.php:54
#0: array_merge(NULL, NULL)
	/home/bitrix/www/s2/products/.left.menu_ext.php:54
#1: include(string)
	/home/bitrix/www/bitrix/modules/main/classes/general/menu.php:115
#2: CMenu->Init(string, boolean, string)
	/home/bitrix/www/bitrix/components/bitrix/menu/component.php:53
#3: include(string)
	/home/bitrix/www/bitrix/modules/main/classes/general/component.php:607
#4: CBitrixComponent->__includeComponent()
	/home/bitrix/www/bitrix/modules/main/classes/general/component.php:105
#5: CBitrixComponent->executeComponent()
	/home/bitrix/www/bitrix/modules/main/classes/general/component.php:660
#6: CBitrixComponent->includeComponent(string, array, NULL, boolean)
	/home/bitrix/www/bitrix/modules/main/classes/general/main.php:1072
#7: CAllMain->IncludeComponent(string, string, array)
	/home/bitrix/www/local/templates/exam1/footer.php:20
#8: include_once(string)
	/home/bitrix/www/bitrix/modules/main/include/epilog_before.php:93
#9: require(string)
	/home/bitrix/www/bitrix/modules/main/include/epilog.php:2
#10: require_once(string)
	/home/bitrix/www/bitrix/footer.php:4
#11: require(string)
	/home/bitrix/www/s2/products/index.php:4
----------

2022-04-15 15:54:56 - Host: 178.154.206.90:80 - LOW_PRIORITY_ERROR - [ErrorException] E_WARNING
Invalid argument supplied for foreach() (0)
/home/bitrix/www/bitrix/modules/main/classes/general/menu.php:211
#0: CMenu->RecalcMenu(boolean, boolean)
	/home/bitrix/www/bitrix/components/bitrix/menu/component.php:55
#1: include(string)
	/home/bitrix/www/bitrix/modules/main/classes/general/component.php:607
#2: CBitrixComponent->__includeComponent()
	/home/bitrix/www/bitrix/modules/main/classes/general/component.php:105
#3: CBitrixComponent->executeComponent()
	/home/bitrix/www/bitrix/modules/main/classes/general/component.php:660
#4: CBitrixComponent->includeComponent(string, array, NULL, boolean)
	/home/bitrix/www/bitrix/modules/main/classes/general/main.php:1072
#5: CAllMain->IncludeComponent(string, string, array)
	/home/bitrix/www/local/templates/exam1/footer.php:20
#6: include_once(string)
	/home/bitrix/www/bitrix/modules/main/include/epilog_before.php:93
#7: require(string)
	/home/bitrix/www/bitrix/modules/main/include/epilog.php:2
#8: require_once(string)
	/home/bitrix/www/bitrix/footer.php:4
#9: require(string)
	/home/bitrix/www/s2/products/index.php:4
----------

2022-04-15 15:55:21 - Host: 178.154.206.90:80 - LOW_PRIORITY_ERROR - [ErrorException] E_WARNING
array_merge(): Expected parameter 2 to be an array, null given (0)
/home/bitrix/www/s2/products/.left.menu_ext.php:38
#0: array_merge(array, NULL)
	/home/bitrix/www/s2/products/.left.menu_ext.php:38
#1: include(string)
	/home/bitrix/www/bitrix/modules/main/classes/general/menu.php:115
#2: CMenu->Init(string, boolean, string)
	/home/bitrix/www/bitrix/components/bitrix/menu/component.php:53
#3: include(string)
	/home/bitrix/www/bitrix/modules/main/classes/general/component.php:607
#4: CBitrixComponent->__includeComponent()
	/home/bitrix/www/bitrix/modules/main/classes/general/component.php:105
#5: CBitrixComponent->executeComponent()
	/home/bitrix/www/bitrix/modules/main/classes/general/component.php:660
#6: CBitrixComponent->includeComponent(string, array, NULL, boolean)
	/home/bitrix/www/bitrix/modules/main/classes/general/main.php:1072
#7: CAllMain->IncludeComponent(string, string, array)
	/home/bitrix/www/local/templates/exam1/footer.php:20
#8: include_once(string)
	/home/bitrix/www/bitrix/modules/main/include/epilog_before.php:93
#9: require(string)
	/home/bitrix/www/bitrix/modules/main/include/epilog.php:2
#10: require_once(string)
	/home/bitrix/www/bitrix/footer.php:4
#11: require(string)
	/home/bitrix/www/s2/products/index.php:4
----------

2022-04-15 15:55:21 - Host: 178.154.206.90:80 - LOW_PRIORITY_ERROR - [ErrorException] E_WARNING
array_merge(): Expected parameter 1 to be an array, null given (0)
/home/bitrix/www/s2/products/.left.menu_ext.php:54
#0: array_merge(NULL, NULL)
	/home/bitrix/www/s2/products/.left.menu_ext.php:54
#1: include(string)
	/home/bitrix/www/bitrix/modules/main/classes/general/menu.php:115
#2: CMenu->Init(string, boolean, string)
	/home/bitrix/www/bitrix/components/bitrix/menu/component.php:53
#3: include(string)
	/home/bitrix/www/bitrix/modules/main/classes/general/component.php:607
#4: CBitrixComponent->__includeComponent()
	/home/bitrix/www/bitrix/modules/main/classes/general/component.php:105
#5: CBitrixComponent->executeComponent()
	/home/bitrix/www/bitrix/modules/main/classes/general/component.php:660
#6: CBitrixComponent->includeComponent(string, array, NULL, boolean)
	/home/bitrix/www/bitrix/modules/main/classes/general/main.php:1072
#7: CAllMain->IncludeComponent(string, string, array)
	/home/bitrix/www/local/templates/exam1/footer.php:20
#8: include_once(string)
	/home/bitrix/www/bitrix/modules/main/include/epilog_before.php:93
#9: require(string)
	/home/bitrix/www/bitrix/modules/main/include/epilog.php:2
#10: require_once(string)
	/home/bitrix/www/bitrix/footer.php:4
#11: require(string)
	/home/bitrix/www/s2/products/index.php:4
----------

2022-04-15 15:55:21 - Host: 178.154.206.90:80 - LOW_PRIORITY_ERROR - [ErrorException] E_WARNING
Invalid argument supplied for foreach() (0)
/home/bitrix/www/bitrix/modules/main/classes/general/menu.php:211
#0: CMenu->RecalcMenu(boolean, boolean)
	/home/bitrix/www/bitrix/components/bitrix/menu/component.php:55
#1: include(string)
	/home/bitrix/www/bitrix/modules/main/classes/general/component.php:607
#2: CBitrixComponent->__includeComponent()
	/home/bitrix/www/bitrix/modules/main/classes/general/component.php:105
#3: CBitrixComponent->executeComponent()
	/home/bitrix/www/bitrix/modules/main/classes/general/component.php:660
#4: CBitrixComponent->includeComponent(string, array, NULL, boolean)
	/home/bitrix/www/bitrix/modules/main/classes/general/main.php:1072
#5: CAllMain->IncludeComponent(string, string, array)
	/home/bitrix/www/local/templates/exam1/footer.php:20
#6: include_once(string)
	/home/bitrix/www/bitrix/modules/main/include/epilog_before.php:93
#7: require(string)
	/home/bitrix/www/bitrix/modules/main/include/epilog.php:2
#8: require_once(string)
	/home/bitrix/www/bitrix/footer.php:4
#9: require(string)
	/home/bitrix/www/s2/products/index.php:4
----------

2022-04-15 15:55:24 - Host: 178.154.206.90:80 - LOW_PRIORITY_ERROR - [ErrorException] E_WARNING
array_merge(): Expected parameter 2 to be an array, null given (0)
/home/bitrix/www/s2/products/.left.menu_ext.php:38
#0: array_merge(array, NULL)
	/home/bitrix/www/s2/products/.left.menu_ext.php:38
#1: include(string)
	/home/bitrix/www/bitrix/modules/main/classes/general/menu.php:115
#2: CMenu->Init(string, boolean, string)
	/home/bitrix/www/bitrix/components/bitrix/menu/component.php:53
#3: include(string)
	/home/bitrix/www/bitrix/modules/main/classes/general/component.php:607
#4: CBitrixComponent->__includeComponent()
	/home/bitrix/www/bitrix/modules/main/classes/general/component.php:105
#5: CBitrixComponent->executeComponent()
	/home/bitrix/www/bitrix/modules/main/classes/general/component.php:660
#6: CBitrixComponent->includeComponent(string, array, NULL, boolean)
	/home/bitrix/www/bitrix/modules/main/classes/general/main.php:1072
#7: CAllMain->IncludeComponent(string, string, array)
	/home/bitrix/www/local/templates/exam1/footer.php:20
#8: include_once(string)
	/home/bitrix/www/bitrix/modules/main/include/epilog_before.php:93
#9: require(string)
	/home/bitrix/www/bitrix/modules/main/include/epilog.php:2
#10: require_once(string)
	/home/bitrix/www/bitrix/footer.php:4
#11: require(string)
	/home/bitrix/www/s2/products/index.php:4
----------

2022-04-15 15:55:24 - Host: 178.154.206.90:80 - LOW_PRIORITY_ERROR - [ErrorException] E_WARNING
array_merge(): Expected parameter 1 to be an array, null given (0)
/home/bitrix/www/s2/products/.left.menu_ext.php:54
#0: array_merge(NULL, NULL)
	/home/bitrix/www/s2/products/.left.menu_ext.php:54
#1: include(string)
	/home/bitrix/www/bitrix/modules/main/classes/general/menu.php:115
#2: CMenu->Init(string, boolean, string)
	/home/bitrix/www/bitrix/components/bitrix/menu/component.php:53
#3: include(string)
	/home/bitrix/www/bitrix/modules/main/classes/general/component.php:607
#4: CBitrixComponent->__includeComponent()
	/home/bitrix/www/bitrix/modules/main/classes/general/component.php:105
#5: CBitrixComponent->executeComponent()
	/home/bitrix/www/bitrix/modules/main/classes/general/component.php:660
#6: CBitrixComponent->includeComponent(string, array, NULL, boolean)
	/home/bitrix/www/bitrix/modules/main/classes/general/main.php:1072
#7: CAllMain->IncludeComponent(string, string, array)
	/home/bitrix/www/local/templates/exam1/footer.php:20
#8: include_once(string)
	/home/bitrix/www/bitrix/modules/main/include/epilog_before.php:93
#9: require(string)
	/home/bitrix/www/bitrix/modules/main/include/epilog.php:2
#10: require_once(string)
	/home/bitrix/www/bitrix/footer.php:4
#11: require(string)
	/home/bitrix/www/s2/products/index.php:4
----------

2022-04-15 15:55:24 - Host: 178.154.206.90:80 - LOW_PRIORITY_ERROR - [ErrorException] E_WARNING
Invalid argument supplied for foreach() (0)
/home/bitrix/www/bitrix/modules/main/classes/general/menu.php:211
#0: CMenu->RecalcMenu(boolean, boolean)
	/home/bitrix/www/bitrix/components/bitrix/menu/component.php:55
#1: include(string)
	/home/bitrix/www/bitrix/modules/main/classes/general/component.php:607
#2: CBitrixComponent->__includeComponent()
	/home/bitrix/www/bitrix/modules/main/classes/general/component.php:105
#3: CBitrixComponent->executeComponent()
	/home/bitrix/www/bitrix/modules/main/classes/general/component.php:660
#4: CBitrixComponent->includeComponent(string, array, NULL, boolean)
	/home/bitrix/www/bitrix/modules/main/classes/general/main.php:1072
#5: CAllMain->IncludeComponent(string, string, array)
	/home/bitrix/www/local/templates/exam1/footer.php:20
#6: include_once(string)
	/home/bitrix/www/bitrix/modules/main/include/epilog_before.php:93
#7: require(string)
	/home/bitrix/www/bitrix/modules/main/include/epilog.php:2
#8: require_once(string)
	/home/bitrix/www/bitrix/footer.php:4
#9: require(string)
	/home/bitrix/www/s2/products/index.php:4
----------

2022-04-15 15:55:26 - Host: 178.154.206.90:80 - LOW_PRIORITY_ERROR - [ErrorException] E_WARNING
array_merge(): Expected parameter 2 to be an array, null given (0)
/home/bitrix/www/s2/products/.left.menu_ext.php:38
#0: array_merge(array, NULL)
	/home/bitrix/www/s2/products/.left.menu_ext.php:38
#1: include(string)
	/home/bitrix/www/bitrix/modules/main/classes/general/menu.php:115
#2: CMenu->Init(string, boolean, string)
	/home/bitrix/www/bitrix/components/bitrix/menu/component.php:53
#3: include(string)
	/home/bitrix/www/bitrix/modules/main/classes/general/component.php:607
#4: CBitrixComponent->__includeComponent()
	/home/bitrix/www/bitrix/modules/main/classes/general/component.php:105
#5: CBitrixComponent->executeComponent()
	/home/bitrix/www/bitrix/modules/main/classes/general/component.php:660
#6: CBitrixComponent->includeComponent(string, array, NULL, boolean)
	/home/bitrix/www/bitrix/modules/main/classes/general/main.php:1072
#7: CAllMain->IncludeComponent(string, string, array)
	/home/bitrix/www/local/templates/exam1/footer.php:20
#8: include_once(string)
	/home/bitrix/www/bitrix/modules/main/include/epilog_before.php:93
#9: require(string)
	/home/bitrix/www/bitrix/modules/main/include/epilog.php:2
#10: require_once(string)
	/home/bitrix/www/bitrix/footer.php:4
#11: require(string)
	/home/bitrix/www/s2/products/index.php:4
----------

2022-04-15 15:55:26 - Host: 178.154.206.90:80 - LOW_PRIORITY_ERROR - [ErrorException] E_WARNING
array_merge(): Expected parameter 1 to be an array, null given (0)
/home/bitrix/www/s2/products/.left.menu_ext.php:54
#0: array_merge(NULL, NULL)
	/home/bitrix/www/s2/products/.left.menu_ext.php:54
#1: include(string)
	/home/bitrix/www/bitrix/modules/main/classes/general/menu.php:115
#2: CMenu->Init(string, boolean, string)
	/home/bitrix/www/bitrix/components/bitrix/menu/component.php:53
#3: include(string)
	/home/bitrix/www/bitrix/modules/main/classes/general/component.php:607
#4: CBitrixComponent->__includeComponent()
	/home/bitrix/www/bitrix/modules/main/classes/general/component.php:105
#5: CBitrixComponent->executeComponent()
	/home/bitrix/www/bitrix/modules/main/classes/general/component.php:660
#6: CBitrixComponent->includeComponent(string, array, NULL, boolean)
	/home/bitrix/www/bitrix/modules/main/classes/general/main.php:1072
#7: CAllMain->IncludeComponent(string, string, array)
	/home/bitrix/www/local/templates/exam1/footer.php:20
#8: include_once(string)
	/home/bitrix/www/bitrix/modules/main/include/epilog_before.php:93
#9: require(string)
	/home/bitrix/www/bitrix/modules/main/include/epilog.php:2
#10: require_once(string)
	/home/bitrix/www/bitrix/footer.php:4
#11: require(string)
	/home/bitrix/www/s2/products/index.php:4
----------

2022-04-15 15:55:26 - Host: 178.154.206.90:80 - LOW_PRIORITY_ERROR - [ErrorException] E_WARNING
Invalid argument supplied for foreach() (0)
/home/bitrix/www/bitrix/modules/main/classes/general/menu.php:211
#0: CMenu->RecalcMenu(boolean, boolean)
	/home/bitrix/www/bitrix/components/bitrix/menu/component.php:55
#1: include(string)
	/home/bitrix/www/bitrix/modules/main/classes/general/component.php:607
#2: CBitrixComponent->__includeComponent()
	/home/bitrix/www/bitrix/modules/main/classes/general/component.php:105
#3: CBitrixComponent->executeComponent()
	/home/bitrix/www/bitrix/modules/main/classes/general/component.php:660
#4: CBitrixComponent->includeComponent(string, array, NULL, boolean)
	/home/bitrix/www/bitrix/modules/main/classes/general/main.php:1072
#5: CAllMain->IncludeComponent(string, string, array)
	/home/bitrix/www/local/templates/exam1/footer.php:20
#6: include_once(string)
	/home/bitrix/www/bitrix/modules/main/include/epilog_before.php:93
#7: require(string)
	/home/bitrix/www/bitrix/modules/main/include/epilog.php:2
#8: require_once(string)
	/home/bitrix/www/bitrix/footer.php:4
#9: require(string)
	/home/bitrix/www/s2/products/index.php:4
----------

2022-04-15 15:55:35 - Host: 178.154.206.90:80 - LOW_PRIORITY_ERROR - [ErrorException] E_WARNING
opendir(/home/bitrix/www/bitrix/components/bitrix/menu.sections/templates): failed to open dir: No such file or directory (0)
/home/bitrix/www/bitrix/modules/main/classes/general/component_util.php:1089
#0: opendir(string)
	/home/bitrix/www/bitrix/modules/main/classes/general/component_util.php:1089
#1: CComponentUtil::GetTemplatesList(string, string)
	/home/bitrix/www/bitrix/modules/fileman/classes/general/component_params_manager.php:99
#2: CComponentParamsManager::GetComponentProperties(string, string, string, array)
	/home/bitrix/www/bitrix/modules/main/public/component_props2.php:119
#3: require(string)
	/home/bitrix/www/bitrix/admin/component_props.php:1
----------

2022-04-15 15:55:54 - Host: 178.154.206.90:80 - LOW_PRIORITY_ERROR - [ErrorException] E_WARNING
array_merge(): Expected parameter 2 to be an array, null given (0)
/home/bitrix/www/s2/products/.left.menu_ext.php:38
#0: array_merge(array, NULL)
	/home/bitrix/www/s2/products/.left.menu_ext.php:38
#1: include(string)
	/home/bitrix/www/bitrix/modules/main/classes/general/menu.php:115
#2: CMenu->Init(string, boolean, string)
	/home/bitrix/www/bitrix/components/bitrix/menu/component.php:53
#3: include(string)
	/home/bitrix/www/bitrix/modules/main/classes/general/component.php:607
#4: CBitrixComponent->__includeComponent()
	/home/bitrix/www/bitrix/modules/main/classes/general/component.php:105
#5: CBitrixComponent->executeComponent()
	/home/bitrix/www/bitrix/modules/main/classes/general/component.php:660
#6: CBitrixComponent->includeComponent(string, array, NULL, boolean)
	/home/bitrix/www/bitrix/modules/main/classes/general/main.php:1072
#7: CAllMain->IncludeComponent(string, string, array)
	/home/bitrix/www/local/templates/exam1/footer.php:20
#8: include_once(string)
	/home/bitrix/www/bitrix/modules/main/include/epilog_before.php:93
#9: require(string)
	/home/bitrix/www/bitrix/modules/main/include/epilog.php:2
#10: require_once(string)
	/home/bitrix/www/bitrix/footer.php:4
#11: require(string)
	/home/bitrix/www/s2/products/index.php:4
----------

2022-04-15 15:55:54 - Host: 178.154.206.90:80 - LOW_PRIORITY_ERROR - [ErrorException] E_WARNING
array_merge(): Expected parameter 1 to be an array, null given (0)
/home/bitrix/www/s2/products/.left.menu_ext.php:54
#0: array_merge(NULL, NULL)
	/home/bitrix/www/s2/products/.left.menu_ext.php:54
#1: include(string)
	/home/bitrix/www/bitrix/modules/main/classes/general/menu.php:115
#2: CMenu->Init(string, boolean, string)
	/home/bitrix/www/bitrix/components/bitrix/menu/component.php:53
#3: include(string)
	/home/bitrix/www/bitrix/modules/main/classes/general/component.php:607
#4: CBitrixComponent->__includeComponent()
	/home/bitrix/www/bitrix/modules/main/classes/general/component.php:105
#5: CBitrixComponent->executeComponent()
	/home/bitrix/www/bitrix/modules/main/classes/general/component.php:660
#6: CBitrixComponent->includeComponent(string, array, NULL, boolean)
	/home/bitrix/www/bitrix/modules/main/classes/general/main.php:1072
#7: CAllMain->IncludeComponent(string, string, array)
	/home/bitrix/www/local/templates/exam1/footer.php:20
#8: include_once(string)
	/home/bitrix/www/bitrix/modules/main/include/epilog_before.php:93
#9: require(string)
	/home/bitrix/www/bitrix/modules/main/include/epilog.php:2
#10: require_once(string)
	/home/bitrix/www/bitrix/footer.php:4
#11: require(string)
	/home/bitrix/www/s2/products/index.php:4
----------

2022-04-15 15:55:54 - Host: 178.154.206.90:80 - LOW_PRIORITY_ERROR - [ErrorException] E_WARNING
Invalid argument supplied for foreach() (0)
/home/bitrix/www/bitrix/modules/main/classes/general/menu.php:211
#0: CMenu->RecalcMenu(boolean, boolean)
	/home/bitrix/www/bitrix/components/bitrix/menu/component.php:55
#1: include(string)
	/home/bitrix/www/bitrix/modules/main/classes/general/component.php:607
#2: CBitrixComponent->__includeComponent()
	/home/bitrix/www/bitrix/modules/main/classes/general/component.php:105
#3: CBitrixComponent->executeComponent()
	/home/bitrix/www/bitrix/modules/main/classes/general/component.php:660
#4: CBitrixComponent->includeComponent(string, array, NULL, boolean)
	/home/bitrix/www/bitrix/modules/main/classes/general/main.php:1072
#5: CAllMain->IncludeComponent(string, string, array)
	/home/bitrix/www/local/templates/exam1/footer.php:20
#6: include_once(string)
	/home/bitrix/www/bitrix/modules/main/include/epilog_before.php:93
#7: require(string)
	/home/bitrix/www/bitrix/modules/main/include/epilog.php:2
#8: require_once(string)
	/home/bitrix/www/bitrix/footer.php:4
#9: require(string)
	/home/bitrix/www/s2/products/index.php:4
----------

2022-04-15 15:57:12 - Host: 178.154.206.90:80 - LOW_PRIORITY_ERROR - [ErrorException] E_WARNING
array_merge(): Expected parameter 2 to be an array, null given (0)
/home/bitrix/www/s2/products/.vertical_multilevel_menu.menu_ext.php:38
#0: array_merge(array, NULL)
	/home/bitrix/www/s2/products/.vertical_multilevel_menu.menu_ext.php:38
#1: include(string)
	/home/bitrix/www/bitrix/modules/main/classes/general/menu.php:115
#2: CMenu->Init(string, boolean, string)
	/home/bitrix/www/bitrix/components/bitrix/menu/component.php:53
#3: include(string)
	/home/bitrix/www/bitrix/modules/main/classes/general/component.php:607
#4: CBitrixComponent->__includeComponent()
	/home/bitrix/www/bitrix/modules/main/classes/general/component.php:105
#5: CBitrixComponent->executeComponent()
	/home/bitrix/www/bitrix/modules/main/classes/general/component.php:660
#6: CBitrixComponent->includeComponent(string, array, boolean, boolean)
	/home/bitrix/www/bitrix/modules/main/classes/general/main.php:1072
#7: CAllMain->IncludeComponent(string, string, array, boolean)
	/home/bitrix/www/local/templates/exam1/footer.php:33
#8: include_once(string)
	/home/bitrix/www/bitrix/modules/main/include/epilog_before.php:93
#9: require(string)
	/home/bitrix/www/bitrix/modules/main/include/epilog.php:2
#10: require_once(string)
	/home/bitrix/www/bitrix/footer.php:4
#11: require(string)
	/home/bitrix/www/s2/products/index.php:4
----------

2022-04-15 15:57:12 - Host: 178.154.206.90:80 - LOW_PRIORITY_ERROR - [ErrorException] E_WARNING
array_merge(): Expected parameter 1 to be an array, null given (0)
/home/bitrix/www/s2/products/.vertical_multilevel_menu.menu_ext.php:54
#0: array_merge(NULL, NULL)
	/home/bitrix/www/s2/products/.vertical_multilevel_menu.menu_ext.php:54
#1: include(string)
	/home/bitrix/www/bitrix/modules/main/classes/general/menu.php:115
#2: CMenu->Init(string, boolean, string)
	/home/bitrix/www/bitrix/components/bitrix/menu/component.php:53
#3: include(string)
	/home/bitrix/www/bitrix/modules/main/classes/general/component.php:607
#4: CBitrixComponent->__includeComponent()
	/home/bitrix/www/bitrix/modules/main/classes/general/component.php:105
#5: CBitrixComponent->executeComponent()
	/home/bitrix/www/bitrix/modules/main/classes/general/component.php:660
#6: CBitrixComponent->includeComponent(string, array, boolean, boolean)
	/home/bitrix/www/bitrix/modules/main/classes/general/main.php:1072
#7: CAllMain->IncludeComponent(string, string, array, boolean)
	/home/bitrix/www/local/templates/exam1/footer.php:33
#8: include_once(string)
	/home/bitrix/www/bitrix/modules/main/include/epilog_before.php:93
#9: require(string)
	/home/bitrix/www/bitrix/modules/main/include/epilog.php:2
#10: require_once(string)
	/home/bitrix/www/bitrix/footer.php:4
#11: require(string)
	/home/bitrix/www/s2/products/index.php:4
----------

2022-04-15 15:57:12 - Host: 178.154.206.90:80 - LOW_PRIORITY_ERROR - [ErrorException] E_WARNING
Invalid argument supplied for foreach() (0)
/home/bitrix/www/bitrix/modules/main/classes/general/menu.php:211
#0: CMenu->RecalcMenu(boolean, boolean)
	/home/bitrix/www/bitrix/components/bitrix/menu/component.php:55
#1: include(string)
	/home/bitrix/www/bitrix/modules/main/classes/general/component.php:607
#2: CBitrixComponent->__includeComponent()
	/home/bitrix/www/bitrix/modules/main/classes/general/component.php:105
#3: CBitrixComponent->executeComponent()
	/home/bitrix/www/bitrix/modules/main/classes/general/component.php:660
#4: CBitrixComponent->includeComponent(string, array, boolean, boolean)
	/home/bitrix/www/bitrix/modules/main/classes/general/main.php:1072
#5: CAllMain->IncludeComponent(string, string, array, boolean)
	/home/bitrix/www/local/templates/exam1/footer.php:33
#6: include_once(string)
	/home/bitrix/www/bitrix/modules/main/include/epilog_before.php:93
#7: require(string)
	/home/bitrix/www/bitrix/modules/main/include/epilog.php:2
#8: require_once(string)
	/home/bitrix/www/bitrix/footer.php:4
#9: require(string)
	/home/bitrix/www/s2/products/index.php:4
----------

2022-04-15 15:57:56 - Host: 178.154.206.90:80 - LOW_PRIORITY_ERROR - [ErrorException] E_WARNING
array_merge(): Expected parameter 2 to be an array, null given (0)
/home/bitrix/www/s2/products/.vertical_multilevel_menu.menu_ext.php:38
#0: array_merge(array, NULL)
	/home/bitrix/www/s2/products/.vertical_multilevel_menu.menu_ext.php:38
#1: include(string)
	/home/bitrix/www/bitrix/modules/main/classes/general/menu.php:115
#2: CMenu->Init(string, boolean, string)
	/home/bitrix/www/bitrix/components/bitrix/menu/component.php:53
#3: include(string)
	/home/bitrix/www/bitrix/modules/main/classes/general/component.php:607
#4: CBitrixComponent->__includeComponent()
	/home/bitrix/www/bitrix/modules/main/classes/general/component.php:105
#5: CBitrixComponent->executeComponent()
	/home/bitrix/www/bitrix/modules/main/classes/general/component.php:660
#6: CBitrixComponent->includeComponent(string, array, boolean, boolean)
	/home/bitrix/www/bitrix/modules/main/classes/general/main.php:1072
#7: CAllMain->IncludeComponent(string, string, array, boolean)
	/home/bitrix/www/local/templates/exam1/footer.php:33
#8: include_once(string)
	/home/bitrix/www/bitrix/modules/main/include/epilog_before.php:93
#9: require(string)
	/home/bitrix/www/bitrix/modules/main/include/epilog.php:2
#10: require_once(string)
	/home/bitrix/www/bitrix/footer.php:4
#11: require(string)
	/home/bitrix/www/s2/products/index.php:4
----------

2022-04-15 15:57:56 - Host: 178.154.206.90:80 - LOW_PRIORITY_ERROR - [ErrorException] E_WARNING
array_merge(): Expected parameter 1 to be an array, null given (0)
/home/bitrix/www/s2/products/.vertical_multilevel_menu.menu_ext.php:54
#0: array_merge(NULL, NULL)
	/home/bitrix/www/s2/products/.vertical_multilevel_menu.menu_ext.php:54
#1: include(string)
	/home/bitrix/www/bitrix/modules/main/classes/general/menu.php:115
#2: CMenu->Init(string, boolean, string)
	/home/bitrix/www/bitrix/components/bitrix/menu/component.php:53
#3: include(string)
	/home/bitrix/www/bitrix/modules/main/classes/general/component.php:607
#4: CBitrixComponent->__includeComponent()
	/home/bitrix/www/bitrix/modules/main/classes/general/component.php:105
#5: CBitrixComponent->executeComponent()
	/home/bitrix/www/bitrix/modules/main/classes/general/component.php:660
#6: CBitrixComponent->includeComponent(string, array, boolean, boolean)
	/home/bitrix/www/bitrix/modules/main/classes/general/main.php:1072
#7: CAllMain->IncludeComponent(string, string, array, boolean)
	/home/bitrix/www/local/templates/exam1/footer.php:33
#8: include_once(string)
	/home/bitrix/www/bitrix/modules/main/include/epilog_before.php:93
#9: require(string)
	/home/bitrix/www/bitrix/modules/main/include/epilog.php:2
#10: require_once(string)
	/home/bitrix/www/bitrix/footer.php:4
#11: require(string)
	/home/bitrix/www/s2/products/index.php:4
----------

2022-04-15 15:57:56 - Host: 178.154.206.90:80 - LOW_PRIORITY_ERROR - [ErrorException] E_WARNING
Invalid argument supplied for foreach() (0)
/home/bitrix/www/bitrix/modules/main/classes/general/menu.php:211
#0: CMenu->RecalcMenu(boolean, boolean)
	/home/bitrix/www/bitrix/components/bitrix/menu/component.php:55
#1: include(string)
	/home/bitrix/www/bitrix/modules/main/classes/general/component.php:607
#2: CBitrixComponent->__includeComponent()
	/home/bitrix/www/bitrix/modules/main/classes/general/component.php:105
#3: CBitrixComponent->executeComponent()
	/home/bitrix/www/bitrix/modules/main/classes/general/component.php:660
#4: CBitrixComponent->includeComponent(string, array, boolean, boolean)
	/home/bitrix/www/bitrix/modules/main/classes/general/main.php:1072
#5: CAllMain->IncludeComponent(string, string, array, boolean)
	/home/bitrix/www/local/templates/exam1/footer.php:33
#6: include_once(string)
	/home/bitrix/www/bitrix/modules/main/include/epilog_before.php:93
#7: require(string)
	/home/bitrix/www/bitrix/modules/main/include/epilog.php:2
#8: require_once(string)
	/home/bitrix/www/bitrix/footer.php:4
#9: require(string)
	/home/bitrix/www/s2/products/index.php:4
----------

2022-04-15 15:58:22 - Host: 178.154.206.90:80 - LOW_PRIORITY_ERROR - [ErrorException] E_WARNING
array_merge(): Expected parameter 2 to be an array, null given (0)
/home/bitrix/www/s2/products/.vertical_multilevel_menu.menu_ext.php:38
#0: array_merge(array, NULL)
	/home/bitrix/www/s2/products/.vertical_multilevel_menu.menu_ext.php:38
#1: include(string)
	/home/bitrix/www/bitrix/modules/main/classes/general/menu.php:115
#2: CMenu->Init(string, boolean, string)
	/home/bitrix/www/bitrix/components/bitrix/menu/component.php:53
#3: include(string)
	/home/bitrix/www/bitrix/modules/main/classes/general/component.php:607
#4: CBitrixComponent->__includeComponent()
	/home/bitrix/www/bitrix/modules/main/classes/general/component.php:105
#5: CBitrixComponent->executeComponent()
	/home/bitrix/www/bitrix/modules/main/classes/general/component.php:660
#6: CBitrixComponent->includeComponent(string, array, boolean, boolean)
	/home/bitrix/www/bitrix/modules/main/classes/general/main.php:1072
#7: CAllMain->IncludeComponent(string, string, array, boolean)
	/home/bitrix/www/local/templates/exam1/footer.php:33
#8: include_once(string)
	/home/bitrix/www/bitrix/modules/main/include/epilog_before.php:93
#9: require(string)
	/home/bitrix/www/bitrix/modules/main/include/epilog.php:2
#10: require_once(string)
	/home/bitrix/www/bitrix/footer.php:4
#11: require(string)
	/home/bitrix/www/s2/products/index.php:4
----------

2022-04-15 15:58:22 - Host: 178.154.206.90:80 - LOW_PRIORITY_ERROR - [ErrorException] E_WARNING
array_merge(): Expected parameter 1 to be an array, null given (0)
/home/bitrix/www/s2/products/.vertical_multilevel_menu.menu_ext.php:54
#0: array_merge(NULL, NULL)
	/home/bitrix/www/s2/products/.vertical_multilevel_menu.menu_ext.php:54
#1: include(string)
	/home/bitrix/www/bitrix/modules/main/classes/general/menu.php:115
#2: CMenu->Init(string, boolean, string)
	/home/bitrix/www/bitrix/components/bitrix/menu/component.php:53
#3: include(string)
	/home/bitrix/www/bitrix/modules/main/classes/general/component.php:607
#4: CBitrixComponent->__includeComponent()
	/home/bitrix/www/bitrix/modules/main/classes/general/component.php:105
#5: CBitrixComponent->executeComponent()
	/home/bitrix/www/bitrix/modules/main/classes/general/component.php:660
#6: CBitrixComponent->includeComponent(string, array, boolean, boolean)
	/home/bitrix/www/bitrix/modules/main/classes/general/main.php:1072
#7: CAllMain->IncludeComponent(string, string, array, boolean)
	/home/bitrix/www/local/templates/exam1/footer.php:33
#8: include_once(string)
	/home/bitrix/www/bitrix/modules/main/include/epilog_before.php:93
#9: require(string)
	/home/bitrix/www/bitrix/modules/main/include/epilog.php:2
#10: require_once(string)
	/home/bitrix/www/bitrix/footer.php:4
#11: require(string)
	/home/bitrix/www/s2/products/index.php:4
----------

2022-04-15 15:58:22 - Host: 178.154.206.90:80 - LOW_PRIORITY_ERROR - [ErrorException] E_WARNING
Invalid argument supplied for foreach() (0)
/home/bitrix/www/bitrix/modules/main/classes/general/menu.php:211
#0: CMenu->RecalcMenu(boolean, boolean)
	/home/bitrix/www/bitrix/components/bitrix/menu/component.php:55
#1: include(string)
	/home/bitrix/www/bitrix/modules/main/classes/general/component.php:607
#2: CBitrixComponent->__includeComponent()
	/home/bitrix/www/bitrix/modules/main/classes/general/component.php:105
#3: CBitrixComponent->executeComponent()
	/home/bitrix/www/bitrix/modules/main/classes/general/component.php:660
#4: CBitrixComponent->includeComponent(string, array, boolean, boolean)
	/home/bitrix/www/bitrix/modules/main/classes/general/main.php:1072
#5: CAllMain->IncludeComponent(string, string, array, boolean)
	/home/bitrix/www/local/templates/exam1/footer.php:33
#6: include_once(string)
	/home/bitrix/www/bitrix/modules/main/include/epilog_before.php:93
#7: require(string)
	/home/bitrix/www/bitrix/modules/main/include/epilog.php:2
#8: require_once(string)
	/home/bitrix/www/bitrix/footer.php:4
#9: require(string)
	/home/bitrix/www/s2/products/index.php:4
----------

2022-04-15 15:58:25 - Host: 178.154.206.90:80 - LOW_PRIORITY_ERROR - [ErrorException] E_WARNING
array_merge(): Expected parameter 2 to be an array, null given (0)
/home/bitrix/www/s2/products/.vertical_multilevel_menu.menu_ext.php:38
#0: array_merge(array, NULL)
	/home/bitrix/www/s2/products/.vertical_multilevel_menu.menu_ext.php:38
#1: include(string)
	/home/bitrix/www/bitrix/modules/main/classes/general/menu.php:115
#2: CMenu->Init(string, boolean, string)
	/home/bitrix/www/bitrix/components/bitrix/menu/component.php:53
#3: include(string)
	/home/bitrix/www/bitrix/modules/main/classes/general/component.php:607
#4: CBitrixComponent->__includeComponent()
	/home/bitrix/www/bitrix/modules/main/classes/general/component.php:105
#5: CBitrixComponent->executeComponent()
	/home/bitrix/www/bitrix/modules/main/classes/general/component.php:660
#6: CBitrixComponent->includeComponent(string, array, boolean, boolean)
	/home/bitrix/www/bitrix/modules/main/classes/general/main.php:1072
#7: CAllMain->IncludeComponent(string, string, array, boolean)
	/home/bitrix/www/local/templates/exam1/footer.php:33
#8: include_once(string)
	/home/bitrix/www/bitrix/modules/main/include/epilog_before.php:93
#9: require(string)
	/home/bitrix/www/bitrix/modules/main/include/epilog.php:2
#10: require_once(string)
	/home/bitrix/www/bitrix/footer.php:4
#11: require(string)
	/home/bitrix/www/s2/products/index.php:4
----------

2022-04-15 15:58:25 - Host: 178.154.206.90:80 - LOW_PRIORITY_ERROR - [ErrorException] E_WARNING
array_merge(): Expected parameter 1 to be an array, null given (0)
/home/bitrix/www/s2/products/.vertical_multilevel_menu.menu_ext.php:54
#0: array_merge(NULL, NULL)
	/home/bitrix/www/s2/products/.vertical_multilevel_menu.menu_ext.php:54
#1: include(string)
	/home/bitrix/www/bitrix/modules/main/classes/general/menu.php:115
#2: CMenu->Init(string, boolean, string)
	/home/bitrix/www/bitrix/components/bitrix/menu/component.php:53
#3: include(string)
	/home/bitrix/www/bitrix/modules/main/classes/general/component.php:607
#4: CBitrixComponent->__includeComponent()
	/home/bitrix/www/bitrix/modules/main/classes/general/component.php:105
#5: CBitrixComponent->executeComponent()
	/home/bitrix/www/bitrix/modules/main/classes/general/component.php:660
#6: CBitrixComponent->includeComponent(string, array, boolean, boolean)
	/home/bitrix/www/bitrix/modules/main/classes/general/main.php:1072
#7: CAllMain->IncludeComponent(string, string, array, boolean)
	/home/bitrix/www/local/templates/exam1/footer.php:33
#8: include_once(string)
	/home/bitrix/www/bitrix/modules/main/include/epilog_before.php:93
#9: require(string)
	/home/bitrix/www/bitrix/modules/main/include/epilog.php:2
#10: require_once(string)
	/home/bitrix/www/bitrix/footer.php:4
#11: require(string)
	/home/bitrix/www/s2/products/index.php:4
----------

2022-04-15 15:58:25 - Host: 178.154.206.90:80 - LOW_PRIORITY_ERROR - [ErrorException] E_WARNING
Invalid argument supplied for foreach() (0)
/home/bitrix/www/bitrix/modules/main/classes/general/menu.php:211
#0: CMenu->RecalcMenu(boolean, boolean)
	/home/bitrix/www/bitrix/components/bitrix/menu/component.php:55
#1: include(string)
	/home/bitrix/www/bitrix/modules/main/classes/general/component.php:607
#2: CBitrixComponent->__includeComponent()
	/home/bitrix/www/bitrix/modules/main/classes/general/component.php:105
#3: CBitrixComponent->executeComponent()
	/home/bitrix/www/bitrix/modules/main/classes/general/component.php:660
#4: CBitrixComponent->includeComponent(string, array, boolean, boolean)
	/home/bitrix/www/bitrix/modules/main/classes/general/main.php:1072
#5: CAllMain->IncludeComponent(string, string, array, boolean)
	/home/bitrix/www/local/templates/exam1/footer.php:33
#6: include_once(string)
	/home/bitrix/www/bitrix/modules/main/include/epilog_before.php:93
#7: require(string)
	/home/bitrix/www/bitrix/modules/main/include/epilog.php:2
#8: require_once(string)
	/home/bitrix/www/bitrix/footer.php:4
#9: require(string)
	/home/bitrix/www/s2/products/index.php:4
----------

2022-04-15 16:00:00 - Host: 178.154.206.90:80 - LOW_PRIORITY_ERROR - [ErrorException] E_WARNING
array_merge(): Expected parameter 2 to be an array, null given (0)
/home/bitrix/www/s2/products/.left.menu_ext.php:38
#0: array_merge(array, NULL)
	/home/bitrix/www/s2/products/.left.menu_ext.php:38
#1: include(string)
	/home/bitrix/www/bitrix/modules/main/classes/general/menu.php:115
#2: CMenu->Init(string, boolean, string)
	/home/bitrix/www/bitrix/components/bitrix/menu/component.php:53
#3: include(string)
	/home/bitrix/www/bitrix/modules/main/classes/general/component.php:607
#4: CBitrixComponent->__includeComponent()
	/home/bitrix/www/bitrix/modules/main/classes/general/component.php:105
#5: CBitrixComponent->executeComponent()
	/home/bitrix/www/bitrix/modules/main/classes/general/component.php:660
#6: CBitrixComponent->includeComponent(string, array, boolean, boolean)
	/home/bitrix/www/bitrix/modules/main/classes/general/main.php:1072
#7: CAllMain->IncludeComponent(string, string, array, boolean)
	/home/bitrix/www/local/templates/exam1/footer.php:33
#8: include_once(string)
	/home/bitrix/www/bitrix/modules/main/include/epilog_before.php:93
#9: require(string)
	/home/bitrix/www/bitrix/modules/main/include/epilog.php:2
#10: require_once(string)
	/home/bitrix/www/bitrix/footer.php:4
#11: require(string)
	/home/bitrix/www/s2/products/index.php:4
----------

2022-04-15 16:00:00 - Host: 178.154.206.90:80 - LOW_PRIORITY_ERROR - [ErrorException] E_WARNING
array_merge(): Expected parameter 1 to be an array, null given (0)
/home/bitrix/www/s2/products/.left.menu_ext.php:54
#0: array_merge(NULL, NULL)
	/home/bitrix/www/s2/products/.left.menu_ext.php:54
#1: include(string)
	/home/bitrix/www/bitrix/modules/main/classes/general/menu.php:115
#2: CMenu->Init(string, boolean, string)
	/home/bitrix/www/bitrix/components/bitrix/menu/component.php:53
#3: include(string)
	/home/bitrix/www/bitrix/modules/main/classes/general/component.php:607
#4: CBitrixComponent->__includeComponent()
	/home/bitrix/www/bitrix/modules/main/classes/general/component.php:105
#5: CBitrixComponent->executeComponent()
	/home/bitrix/www/bitrix/modules/main/classes/general/component.php:660
#6: CBitrixComponent->includeComponent(string, array, boolean, boolean)
	/home/bitrix/www/bitrix/modules/main/classes/general/main.php:1072
#7: CAllMain->IncludeComponent(string, string, array, boolean)
	/home/bitrix/www/local/templates/exam1/footer.php:33
#8: include_once(string)
	/home/bitrix/www/bitrix/modules/main/include/epilog_before.php:93
#9: require(string)
	/home/bitrix/www/bitrix/modules/main/include/epilog.php:2
#10: require_once(string)
	/home/bitrix/www/bitrix/footer.php:4
#11: require(string)
	/home/bitrix/www/s2/products/index.php:4
----------

2022-04-15 16:00:00 - Host: 178.154.206.90:80 - LOW_PRIORITY_ERROR - [ErrorException] E_WARNING
Invalid argument supplied for foreach() (0)
/home/bitrix/www/bitrix/modules/main/classes/general/menu.php:211
#0: CMenu->RecalcMenu(boolean, boolean)
	/home/bitrix/www/bitrix/components/bitrix/menu/component.php:55
#1: include(string)
	/home/bitrix/www/bitrix/modules/main/classes/general/component.php:607
#2: CBitrixComponent->__includeComponent()
	/home/bitrix/www/bitrix/modules/main/classes/general/component.php:105
#3: CBitrixComponent->executeComponent()
	/home/bitrix/www/bitrix/modules/main/classes/general/component.php:660
#4: CBitrixComponent->includeComponent(string, array, boolean, boolean)
	/home/bitrix/www/bitrix/modules/main/classes/general/main.php:1072
#5: CAllMain->IncludeComponent(string, string, array, boolean)
	/home/bitrix/www/local/templates/exam1/footer.php:33
#6: include_once(string)
	/home/bitrix/www/bitrix/modules/main/include/epilog_before.php:93
#7: require(string)
	/home/bitrix/www/bitrix/modules/main/include/epilog.php:2
#8: require_once(string)
	/home/bitrix/www/bitrix/footer.php:4
#9: require(string)
	/home/bitrix/www/s2/products/index.php:4
----------

2022-04-15 16:00:03 - Host: 178.154.206.90:80 - LOW_PRIORITY_ERROR - [ErrorException] E_WARNING
array_merge(): Expected parameter 2 to be an array, null given (0)
/home/bitrix/www/s2/products/.left.menu_ext.php:38
#0: array_merge(array, NULL)
	/home/bitrix/www/s2/products/.left.menu_ext.php:38
#1: include(string)
	/home/bitrix/www/bitrix/modules/main/classes/general/menu.php:115
#2: CMenu->Init(string, boolean, string)
	/home/bitrix/www/bitrix/components/bitrix/menu/component.php:53
#3: include(string)
	/home/bitrix/www/bitrix/modules/main/classes/general/component.php:607
#4: CBitrixComponent->__includeComponent()
	/home/bitrix/www/bitrix/modules/main/classes/general/component.php:105
#5: CBitrixComponent->executeComponent()
	/home/bitrix/www/bitrix/modules/main/classes/general/component.php:660
#6: CBitrixComponent->includeComponent(string, array, boolean, boolean)
	/home/bitrix/www/bitrix/modules/main/classes/general/main.php:1072
#7: CAllMain->IncludeComponent(string, string, array, boolean)
	/home/bitrix/www/local/templates/exam1/footer.php:33
#8: include_once(string)
	/home/bitrix/www/bitrix/modules/main/include/epilog_before.php:93
#9: require(string)
	/home/bitrix/www/bitrix/modules/main/include/epilog.php:2
#10: require_once(string)
	/home/bitrix/www/bitrix/footer.php:4
#11: require(string)
	/home/bitrix/www/s2/products/index.php:4
----------

2022-04-15 16:00:03 - Host: 178.154.206.90:80 - LOW_PRIORITY_ERROR - [ErrorException] E_WARNING
array_merge(): Expected parameter 1 to be an array, null given (0)
/home/bitrix/www/s2/products/.left.menu_ext.php:54
#0: array_merge(NULL, NULL)
	/home/bitrix/www/s2/products/.left.menu_ext.php:54
#1: include(string)
	/home/bitrix/www/bitrix/modules/main/classes/general/menu.php:115
#2: CMenu->Init(string, boolean, string)
	/home/bitrix/www/bitrix/components/bitrix/menu/component.php:53
#3: include(string)
	/home/bitrix/www/bitrix/modules/main/classes/general/component.php:607
#4: CBitrixComponent->__includeComponent()
	/home/bitrix/www/bitrix/modules/main/classes/general/component.php:105
#5: CBitrixComponent->executeComponent()
	/home/bitrix/www/bitrix/modules/main/classes/general/component.php:660
#6: CBitrixComponent->includeComponent(string, array, boolean, boolean)
	/home/bitrix/www/bitrix/modules/main/classes/general/main.php:1072
#7: CAllMain->IncludeComponent(string, string, array, boolean)
	/home/bitrix/www/local/templates/exam1/footer.php:33
#8: include_once(string)
	/home/bitrix/www/bitrix/modules/main/include/epilog_before.php:93
#9: require(string)
	/home/bitrix/www/bitrix/modules/main/include/epilog.php:2
#10: require_once(string)
	/home/bitrix/www/bitrix/footer.php:4
#11: require(string)
	/home/bitrix/www/s2/products/index.php:4
----------

2022-04-15 16:00:03 - Host: 178.154.206.90:80 - LOW_PRIORITY_ERROR - [ErrorException] E_WARNING
Invalid argument supplied for foreach() (0)
/home/bitrix/www/bitrix/modules/main/classes/general/menu.php:211
#0: CMenu->RecalcMenu(boolean, boolean)
	/home/bitrix/www/bitrix/components/bitrix/menu/component.php:55
#1: include(string)
	/home/bitrix/www/bitrix/modules/main/classes/general/component.php:607
#2: CBitrixComponent->__includeComponent()
	/home/bitrix/www/bitrix/modules/main/classes/general/component.php:105
#3: CBitrixComponent->executeComponent()
	/home/bitrix/www/bitrix/modules/main/classes/general/component.php:660
#4: CBitrixComponent->includeComponent(string, array, boolean, boolean)
	/home/bitrix/www/bitrix/modules/main/classes/general/main.php:1072
#5: CAllMain->IncludeComponent(string, string, array, boolean)
	/home/bitrix/www/local/templates/exam1/footer.php:33
#6: include_once(string)
	/home/bitrix/www/bitrix/modules/main/include/epilog_before.php:93
#7: require(string)
	/home/bitrix/www/bitrix/modules/main/include/epilog.php:2
#8: require_once(string)
	/home/bitrix/www/bitrix/footer.php:4
#9: require(string)
	/home/bitrix/www/s2/products/index.php:4
----------

2022-04-15 17:05:24 - Host: 178.154.206.90:80 - LOW_PRIORITY_ERROR - [ErrorException] E_WARNING
opendir(/home/bitrix/www/bitrix/components/bitrix/menu.sections/templates): failed to open dir: No such file or directory (0)
/home/bitrix/www/bitrix/modules/main/classes/general/component_util.php:1089
#0: opendir(string)
	/home/bitrix/www/bitrix/modules/main/classes/general/component_util.php:1089
#1: CComponentUtil::GetTemplatesList(string, string)
	/home/bitrix/www/bitrix/modules/fileman/classes/general/component_params_manager.php:99
#2: CComponentParamsManager::GetComponentProperties(string, string, string, array)
	/home/bitrix/www/bitrix/modules/main/public/component_props2.php:119
#3: require(string)
	/home/bitrix/www/bitrix/admin/component_props.php:1
----------

2022-04-15 17:12:03 - Host: 178.154.206.90:80 - LOW_PRIORITY_ERROR - [ErrorException] E_WARNING
Use of undefined constant s2 - assumed 's2' (this will throw an Error in a future version of PHP) (0)
/home/bitrix/www/s2/products/.left.menu_ext.php:32
#0: include(string)
	/home/bitrix/www/bitrix/modules/main/classes/general/menu.php:115
#1: CMenu->Init(string, boolean, string)
	/home/bitrix/www/bitrix/components/bitrix/menu/component.php:53
#2: include(string)
	/home/bitrix/www/bitrix/modules/main/classes/general/component.php:607
#3: CBitrixComponent->__includeComponent()
	/home/bitrix/www/bitrix/modules/main/classes/general/component.php:105
#4: CBitrixComponent->executeComponent()
	/home/bitrix/www/bitrix/modules/main/classes/general/component.php:660
#5: CBitrixComponent->includeComponent(string, array, boolean, boolean)
	/home/bitrix/www/bitrix/modules/main/classes/general/main.php:1072
#6: CAllMain->IncludeComponent(string, string, array, boolean)
	/home/bitrix/www/local/templates/exam1/footer.php:33
#7: include_once(string)
	/home/bitrix/www/bitrix/modules/main/include/epilog_before.php:93
#8: require(string)
	/home/bitrix/www/bitrix/modules/main/include/epilog.php:2
#9: require_once(string)
	/home/bitrix/www/bitrix/footer.php:4
#10: require(string)
	/home/bitrix/www/s2/products/index.php:4
----------

2022-04-15 17:12:10 - Host: 178.154.206.90:80 - LOW_PRIORITY_ERROR - [ErrorException] E_WARNING
Use of undefined constant s2 - assumed 's2' (this will throw an Error in a future version of PHP) (0)
/home/bitrix/www/s2/products/.left.menu_ext.php:32
#0: include(string)
	/home/bitrix/www/bitrix/modules/main/classes/general/menu.php:115
#1: CMenu->Init(string, boolean, string)
	/home/bitrix/www/bitrix/components/bitrix/menu/component.php:53
#2: include(string)
	/home/bitrix/www/bitrix/modules/main/classes/general/component.php:607
#3: CBitrixComponent->__includeComponent()
	/home/bitrix/www/bitrix/modules/main/classes/general/component.php:105
#4: CBitrixComponent->executeComponent()
	/home/bitrix/www/bitrix/modules/main/classes/general/component.php:660
#5: CBitrixComponent->includeComponent(string, array, boolean, boolean)
	/home/bitrix/www/bitrix/modules/main/classes/general/main.php:1072
#6: CAllMain->IncludeComponent(string, string, array, boolean)
	/home/bitrix/www/local/templates/exam1/footer.php:33
#7: include_once(string)
	/home/bitrix/www/bitrix/modules/main/include/epilog_before.php:93
#8: require(string)
	/home/bitrix/www/bitrix/modules/main/include/epilog.php:2
#9: require_once(string)
	/home/bitrix/www/bitrix/footer.php:4
#10: require(string)
	/home/bitrix/www/s2/products/index.php:4
----------

2022-04-15 17:12:26 - Host: 178.154.206.90:80 - LOW_PRIORITY_ERROR - [ErrorException] E_WARNING
Use of undefined constant s2 - assumed 's2' (this will throw an Error in a future version of PHP) (0)
/home/bitrix/www/s2/products/.left.menu_ext.php:32
#0: include(string)
	/home/bitrix/www/bitrix/modules/main/classes/general/menu.php:115
#1: CMenu->Init(string, boolean, string)
	/home/bitrix/www/bitrix/components/bitrix/menu/component.php:53
#2: include(string)
	/home/bitrix/www/bitrix/modules/main/classes/general/component.php:607
#3: CBitrixComponent->__includeComponent()
	/home/bitrix/www/bitrix/modules/main/classes/general/component.php:105
#4: CBitrixComponent->executeComponent()
	/home/bitrix/www/bitrix/modules/main/classes/general/component.php:660
#5: CBitrixComponent->includeComponent(string, array, boolean, boolean)
	/home/bitrix/www/bitrix/modules/main/classes/general/main.php:1072
#6: CAllMain->IncludeComponent(string, string, array, boolean)
	/home/bitrix/www/local/templates/exam1/footer.php:33
#7: include_once(string)
	/home/bitrix/www/bitrix/modules/main/include/epilog_before.php:93
#8: require(string)
	/home/bitrix/www/bitrix/modules/main/include/epilog.php:2
#9: require_once(string)
	/home/bitrix/www/bitrix/footer.php:4
#10: require(string)
	/home/bitrix/www/404.php:20
#11: include_once(string)
	/home/bitrix/www/bitrix/urlrewrite.php:4
----------

2022-04-15 18:34:54 - Host: 178.154.206.90:80 - LOW_PRIORITY_ERROR - [ErrorException] E_WARNING
Use of undefined constant s2 - assumed 's2' (this will throw an Error in a future version of PHP) (0)
/home/bitrix/www/s2/products/.left.menu_ext.php:32
#0: include(string)
	/home/bitrix/www/bitrix/modules/main/classes/general/menu.php:115
#1: CMenu->Init(string, boolean, string)
	/home/bitrix/www/bitrix/components/bitrix/menu/component.php:53
#2: include(string)
	/home/bitrix/www/bitrix/modules/main/classes/general/component.php:607
#3: CBitrixComponent->__includeComponent()
	/home/bitrix/www/bitrix/modules/main/classes/general/component.php:105
#4: CBitrixComponent->executeComponent()
	/home/bitrix/www/bitrix/modules/main/classes/general/component.php:660
#5: CBitrixComponent->includeComponent(string, array, boolean, boolean)
	/home/bitrix/www/bitrix/modules/main/classes/general/main.php:1072
#6: CAllMain->IncludeComponent(string, string, array, boolean)
	/home/bitrix/www/local/templates/exam1/footer.php:33
#7: include_once(string)
	/home/bitrix/www/bitrix/modules/main/include/epilog_before.php:93
#8: require(string)
	/home/bitrix/www/bitrix/modules/main/include/epilog.php:2
#9: require_once(string)
	/home/bitrix/www/bitrix/footer.php:4
#10: require(string)
	/home/bitrix/www/s2/products/index.php:4
----------

2022-04-15 18:40:01 - Host: 178.154.206.90:80 - LOW_PRIORITY_ERROR - [ErrorException] E_WARNING
Use of undefined constant s2 - assumed 's2' (this will throw an Error in a future version of PHP) (0)
/home/bitrix/www/s2/products/.left.menu_ext.php:32
#0: include(string)
	/home/bitrix/www/bitrix/modules/main/classes/general/menu.php:115
#1: CMenu->Init(string, boolean, string)
	/home/bitrix/www/bitrix/components/bitrix/menu/component.php:53
#2: include(string)
	/home/bitrix/www/bitrix/modules/main/classes/general/component.php:607
#3: CBitrixComponent->__includeComponent()
	/home/bitrix/www/bitrix/modules/main/classes/general/component.php:105
#4: CBitrixComponent->executeComponent()
	/home/bitrix/www/bitrix/modules/main/classes/general/component.php:660
#5: CBitrixComponent->includeComponent(string, array, boolean, boolean)
	/home/bitrix/www/bitrix/modules/main/classes/general/main.php:1072
#6: CAllMain->IncludeComponent(string, string, array, boolean)
	/home/bitrix/www/local/templates/exam1/footer.php:33
#7: include_once(string)
	/home/bitrix/www/bitrix/modules/main/include/epilog_before.php:93
#8: require(string)
	/home/bitrix/www/bitrix/modules/main/include/epilog.php:2
#9: require_once(string)
	/home/bitrix/www/bitrix/footer.php:4
#10: require(string)
	/home/bitrix/www/s2/products/index.php:4
----------

2022-04-15 18:40:27 - Host: 178.154.206.90:80 - LOW_PRIORITY_ERROR - [ErrorException] E_WARNING
Use of undefined constant s2 - assumed 's2' (this will throw an Error in a future version of PHP) (0)
/home/bitrix/www/s2/products/.left.menu_ext.php:32
#0: include(string)
	/home/bitrix/www/bitrix/modules/main/classes/general/menu.php:115
#1: CMenu->Init(string, boolean, string, boolean)
	/home/bitrix/www/bitrix/components/bitrix/menu/class.php:110
#2: CBitrixMenuComponent->getChildMenuRecursive(array, array, string, boolean, string, integer, integer, boolean, boolean, boolean)
	/home/bitrix/www/bitrix/components/bitrix/menu/component.php:72
#3: include(string)
	/home/bitrix/www/bitrix/modules/main/classes/general/component.php:607
#4: CBitrixComponent->__includeComponent()
	/home/bitrix/www/bitrix/modules/main/classes/general/component.php:105
#5: CBitrixComponent->executeComponent()
	/home/bitrix/www/bitrix/modules/main/classes/general/component.php:660
#6: CBitrixComponent->includeComponent(string, array, boolean, boolean)
	/home/bitrix/www/bitrix/modules/main/classes/general/main.php:1072
#7: CAllMain->IncludeComponent(string, string, array, boolean, array)
	/home/bitrix/www/bitrix/templates/furniture_pale-blue/header.php:62
#8: include_once(string)
	/home/bitrix/www/bitrix/modules/main/include/prolog_after.php:106
#9: require(string)
	/home/bitrix/www/bitrix/modules/main/include/prolog.php:11
#10: require_once(string)
	/home/bitrix/www/bitrix/header.php:1
#11: require(string)
	/home/bitrix/www/s2/services/index.php:2
----------

